------------------------------------------------------------------------------------------------------------

Solución Greedy:

Función evaluación: 8449.17

Rutas Drone 1: 0 15 0 9 0 8 0 11 0 12 16 
Rutas Drone 2: 0 6 14 7 5 0 10 3 2 0 1 13 4 16 

Tiempos Drone 1: 0 351 701.28 1183.09 1664.9 3341 3773.43 4251.2 4728.96 5242.12 5755.28 
Tiempos Drone 2: 0 380 899 1996 2307.96 2917 3165.94 3394.73 4978 5599.63 5837.33 6201 6355.67 6803.66 

Energias Drone 1: 0 0.09 0.18 0.11 0.22 0.12 0.24 0.12 0.25 0.14 0.29 
Energias Drone 2: 0 0.12 0.17 0.19 0.26 0.26 0.08 0.15 0.21 0.26 0.07 0.14 0.17 0.26 

Pesos Drone 1: 1.5 0.39 1.5 0.1 1.5 0.7 1.5 0.5 1.5 0.7 0 
Pesos Drone 2: 1.5 1.3 0.59 0.19 0 1.5 1.2 0.9 0.8 1.5 0.8 0.5 0 0 

------------------------------------------------------------------------------------------------------------

Solución Iterated Local Search:

Función evaluación: 8060.78

Rutas Drone 1: 0 15 0 9 0 6 8 10 0 3 12 0 11 16 
Rutas Drone 2: 0 7 0 14 5 2 13 0 1 4 16 

Tiempos Drone 1: 0 351 701.28 1183.09 1664.9 2044.32 3341 3723.89 3972.84 4432.88 4660.67 5173.83 5651.59 6129.36 
Tiempos Drone 2: 0 1996 2317.17 2637.15 2927.23 4978 6201 6655.23 6892.92 7108.85 7556.84 

Energias Drone 1: 0 0.06 0.15 0.04 0.09 0.06 0.15 0.18 0.25 0.09 0.16 0.25 0.03 0.07 
Energias Drone 2: 0 0.07 0.16 0.05 0.11 0.16 0.24 0.26 0.09 0.17 0.23 

Pesos Drone 1: 1.5 0.39 1.5 0.1 1.5 1.3 0.49 0.19 1.5 1.2 0.4 1.5 0.5 0 
Pesos Drone 2: 1.5 1.1 1.5 0.8 0.6 0.5 0.19 1.5 0.8 0.3 0 

------------------------------------------------------------------------------------------------------------

Estadísticas:

Iteraciones totales: 1081364

Apariciones BalanceoCargaA1: 0/49076
Apariciones BalanceoCargaA2: 1/50208
Apariciones BalanceoCargaB: 0/50716
Apariciones Swap: 1063/24027
Apariciones MoverCliente: 98939/900123
Apariciones MoverCliente2: 7/2194
Apariciones CrearRuta: 50/2958
Apariciones CrearRuta2: 2/2062

Tiempo de ejecución: 261 segundos

------------------------------------------------------------------------------------------------------------