------------------------------------------------------------------------------------------------------------

Solución Greedy:

Función evaluación: 15669.4

Rutas Drone 1: 0 22 0 27 0 16 0 26 0 25 0 30 0 18 0 31 
Rutas Drone 2: 0 9 20 0 24 13 15 0 3 5 11 23 0 4 6 1 10 0 2 7 0 21 12 31 
Rutas Drone 3: 0 17 8 0 28 0 14 31 
Rutas Drone 4: 0 19 29 31 

Tiempos Drone 1: 0 376 751.58 1310.16 1868.75 2331.93 2795.12 3274.52 3753.92 4195.56 4637.21 4861.46 5085.7 5535.74 5985.78 5985.78 
Tiempos Drone 2: 0 335 642.58 697.72 1066.89 1212.8 1346.96 1825.84 2100.88 2157.95 2342.79 2538.28 3080.74 3328 3646.86 3835.55 4291 4537.61 4946.25 5161.28 5462.37 5615.53 5887.5 6245.64 
Tiempos Drone 3: 0 1942 2108.72 2479.09 4527 4959.14 5243.52 5527.9 
Tiempos Drone 4: 0 5028 5428.81 5892.82 

Energias Drone 1: 0 0.09 0.19 0.14 0.26 0.1 0.2 0.12 0.25 0.1 0.21 0.06 0.12 0.11 0.23 0 
Energias Drone 2: 0 0.1 0.19 0.21 0.11 0.16 0.19 0.26 0.08 0.1 0.14 0.19 0.26 0.06 0.16 0.2 0.25 0.26 0.12 0.19 0.26 0.04 0.12 0.23 
Energias Drone 3: 0 0.09 0.13 0.23 0.11 0.22 0.07 0.14 
Energias Drone 4: 0 0.16 0.25 0.26 

Pesos Drone 1: 1.5 0.39 1.5 0.5 1.5 0 1.5 0.5 1.5 0.2 1.5 0.5 1.5 0.39 1.5 0 
Pesos Drone 2: 1.5 1 0.9 1.5 1.1 0.8 0.19 1.5 0.9 0.7 0.39 0 1.5 1.2 0.7 0.4 0.2 1.5 1 0.8 1.5 1 0.8 1.5 
Pesos Drone 3: 1.5 1.1 0.5 1.5 0.39 1.5 0.39 1.5 
Pesos Drone 4: 1.5 0.5 0.19 0 

------------------------------------------------------------------------------------------------------------

Solución Iterated Local Search:

Función evaluación: 12965.4

Rutas Drone 1: 0 22 0 9 27 0 16 0 25 12 0 10 7 18 0 31 
Rutas Drone 2: 0 20 0 13 15 11 5 0 23 6 1 0 30 21 31 
Rutas Drone 3: 0 28 29 0 14 31 
Rutas Drone 4: 0 3 4 0 2 19 31 
Rutas Drone 5: 0 24 8 0 17 26 31 

Tiempos Drone 1: 0 376 751.58 1085.99 1350.36 1908.95 2372.13 2835.31 3464 4773 5131.13 5377.75 5443.24 5657.21 6107.25 6107.25 
Tiempos Drone 2: 0 335 390.14 792.19 1015 1547 1731.83 2060.81 2603.27 3366 3733 4162.97 4387.22 4744 4897.16 
Tiempos Drone 3: 0 4527 5096 5560.01 5844.39 6128.77 
Tiempos Drone 4: 0 1294 3328 3537.74 4464 5028 5634.01 
Tiempos Drone 5: 0 370 2042 2412.36 2704.98 2909.14 3388.54 

Energias Drone 1: 0 0.09 0.19 0.06 0.08 0.11 0.05 0.13 0.01 0.06 0.1 0.05 0.07 0.13 0.16 0.04 
Energias Drone 2: 0 0.15 0.16 0.06 0.09 0.13 0.18 0.26 0.02 0.07 0.12 0.15 0.01 0.07 0.1 
Energias Drone 3: 0 0.11 0.12 0.17 0.02 0.05 
Energias Drone 4: 0 0.13 0.15 0.19 0.02 0.06 0.11 
Energias Drone 5: 0 0.13 0.15 0.2 0.03 0.06 0.12 

Pesos Drone 1: 1.5 0.39 1.5 1 0 1.5 0 1.5 0.2 0 1.5 1.3 1.09 0 1.5 0 
Pesos Drone 2: 1.5 1.4 1.5 1.2 0.6 0.3 0.1 1.5 1.1 0.6 0.3 1.5 0.5 0 0 
Pesos Drone 3: 1.5 0.39 0 1.5 0.39 0 
Pesos Drone 4: 1.5 0.9 0.59 1.5 1 0 0 
Pesos Drone 5: 1.5 1.1 0.5 1.5 1.1 0.1 0 

------------------------------------------------------------------------------------------------------------

Estadísticas:

Iteraciones totales: 1008684

Apariciones BalanceoCargaA1: 0/16358
Apariciones BalanceoCargaA2: 7/17174
Apariciones BalanceoCargaB: 66/43788
Apariciones Swap: 7316/46882
Apariciones MoverCliente: 242837/878392
Apariciones MoverCliente2: 58/1948
Apariciones CrearRuta: 120/2823
Apariciones CrearRuta2: 15/1319

Tiempo de ejecución: 465 segundos

------------------------------------------------------------------------------------------------------------