------------------------------------------------------------------------------------------------------------

Solución Greedy:

Función evaluación: 12848.9

Rutas Drone 1: 0 12 0 15 0 23 0 24 0 11 0 13 0 21 26 
Rutas Drone 2: 0 1 5 0 16 6 9 0 19 22 0 10 3 0 7 14 0 18 17 8 26 
Rutas Drone 3: 0 2 4 0 20 25 26 

Tiempos Drone 1: 0 239 477.81 1053 1355.94 1689.26 2022.57 2273 2414.53 2569.33 2724.12 3325 3755.21 4461 4848.81 
Tiempos Drone 2: 0 697 1013.72 1578.46 1916.71 2290.71 2431.15 2944.87 3347.18 3570.99 4028.35 4479.67 4823.1 5057.28 5614.23 5911.94 6171.28 6318.89 6636.93 6925.27 7274.83 
Tiempos Drone 3: 0 3071 3980 4347.61 4712 5731 5844.22 

Energias Drone 1: 0 0.05 0.11 0.06 0.13 0.07 0.14 0.03 0.06 0.03 0.07 0.1 0.2 0.1 0.2 
Energias Drone 2: 0 0.12 0.22 0.26 0.11 0.22 0.25 0.26 0.13 0.19 0.26 0.15 0.26 0.26 0.16 0.23 0.26 0.04 0.14 0.23 0.33 
Energias Drone 3: 0 0.16 0.24 0.26 0.1 0.15 0.18 

Pesos Drone 1: 1.5 0.29 1.5 0 1.5 0 1.5 0.1 1.5 0.1 1.5 0.2 1.5 0.39 0 
Pesos Drone 2: 1.5 1 0.8 1.5 1.4 0.7 0 1.5 1.3 0.49 1.5 1.4 0.9 1.5 0.9 0 1.5 1.2 0.9 0.8 0 
Pesos Drone 3: 1.5 0.9 0.29 1.5 0.9 0.19 0 

------------------------------------------------------------------------------------------------------------

Solución Iterated Local Search:

Función evaluación: 10990.4

Rutas Drone 1: 0 12 5 0 23 0 15 0 24 26 
Rutas Drone 2: 0 1 16 0 19 9 6 0 13 10 0 3 14 26 
Rutas Drone 3: 0 2 7 0 11 0 17 20 0 25 26 
Rutas Drone 4: 0 22 4 0 8 21 18 26 

Tiempos Drone 1: 0 239 1006 1570.74 1904.05 2237.37 2540.32 2843.27 2984.8 3126.33 
Tiempos Drone 2: 0 697 1166 1504.24 2228 2339.72 2480.15 3088.48 3518.7 3711.12 4162.44 4396.63 4515.99 4775.32 
Tiempos Drone 3: 0 3071 3863 4419.95 4574.74 4729.54 5192.79 5411.3 5746.52 5859.74 5972.97 
Tiempos Drone 4: 0 2525 3980 4347.61 5815 5883.02 6169.87 6317.48 

Energias Drone 1: 0 0.1 0.14 0.22 0.03 0.07 0.03 0.04 0.09 0.16 
Energias Drone 2: 0 0.12 0.18 0.26 0.04 0.1 0.14 0.15 0.1 0.17 0.24 0.1 0.12 0.18 
Energias Drone 3: 0 0.12 0.17 0.25 0.03 0.07 0.04 0.06 0.16 0.09 0.16 
Energias Drone 4: 0 0.11 0.15 0.24 0.04 0.1 0.13 0.14 

Pesos Drone 1: 1.5 0.29 0 1.5 0 1.5 0 1.5 0.1 0 
Pesos Drone 2: 1.5 1 0.9 1.5 1.3 0.69 0 1.5 0.2 0.1 1.5 1 0.19 0 
Pesos Drone 3: 1.5 0.9 0.29 1.5 0.1 1.5 1.2 0.6 1.5 0.8 0 
Pesos Drone 4: 1.5 0.7 0 1.5 1.4 0.29 0 0 

------------------------------------------------------------------------------------------------------------

Estadísticas:

Iteraciones totales: 955704

Apariciones BalanceoCargaA1: 3/6612
Apariciones BalanceoCargaA2: 10/6629
Apariciones BalanceoCargaB: 68/11099
Apariciones Swap: 22210/179898
Apariciones MoverCliente: 162266/738294
Apariciones MoverCliente2: 55/2618
Apariciones CrearRuta: 543/8675
Apariciones CrearRuta2: 26/1879

Tiempo de ejecución: 413 segundos

------------------------------------------------------------------------------------------------------------