------------------------------------------------------------------------------------------------------------

Solución Greedy:

Función evaluación: 6797.82

Rutas Drone 1: 0 9 0 10 0 7 0 14 16 
Rutas Drone 2: 0 15 4 1 0 3 13 0 2 8 11 0 12 5 6 16 

Tiempos Drone 1: 0 397 793.91 3666 3982.07 4392.87 4803.67 5285.6 5767.54 
Tiempos Drone 2: 0 170 334.13 788 1053 1356.2 2189 2710.16 2945.33 3173.42 3348.52 3597.8 3887 5133 5373 5734.36 

Energias Drone 1: 0 0.1 0.2 0.08 0.16 0.1 0.21 0.13 0.27 
Energias Drone 2: 0 0.05 0.09 0.1 0.16 0.08 0.17 0.26 0.07 0.13 0.17 0.23 0.06 0.1 0.13 0.22 

Pesos Drone 1: 1.5 0.39 1.5 0.5 1.5 0.39 1.5 0.7 0 
Pesos Drone 2: 1.5 0.8 0.4 0 1.5 0.8 0.5 1.5 0.9 0.39 0.29 1.5 0.8 0.4 0 0 

------------------------------------------------------------------------------------------------------------

Solución Iterated Local Search:

Función evaluación: 5430.49

Rutas Drone 1: 0 9 13 0 14 8 0 12 0 5 7 16 
Rutas Drone 2: 0 4 1 15 0 2 3 0 11 10 6 16 

Tiempos Drone 1: 0 397 2189 2710.16 4198 4317.2 4679.93 4893.52 5107.11 5469.12 5525.94 5936.74 
Tiempos Drone 2: 0 222 788 951.24 1121.1 2282 2372.13 2675.34 3278 3666 5373 5734.36 

Energias Drone 1: 0 0.1 0.13 0.24 0.03 0.06 0.09 0.04 0.06 0.02 0.06 0.11 
Energias Drone 2: 0 0.08 0.13 0.15 0.18 0.04 0.07 0.11 0.02 0.04 0.08 0.13 

Pesos Drone 1: 1.5 0.39 0 1.5 0.7 0.19 1.5 0.8 1.5 1.1 0 0 
Pesos Drone 2: 1.5 1.1 0.8 0.1 1.5 0.9 0.19 1.5 1.4 0.39 0 0 

------------------------------------------------------------------------------------------------------------

Estadísticas:

Iteraciones totales: 932789

Apariciones BalanceoCargaA1: 12/451
Apariciones BalanceoCargaA2: 15/399
Apariciones BalanceoCargaB: 63/575
Apariciones Swap: 10150/116838
Apariciones MoverCliente: 113555/799919
Apariciones MoverCliente2: 34/2857
Apariciones CrearRuta: 331/9869
Apariciones CrearRuta2: 10/1881

Tiempo de ejecución: 231 segundos

------------------------------------------------------------------------------------------------------------