------------------------------------------------------------------------------------------------------------

Solución Greedy:

Función evaluación: 13051.2

Rutas Drone 1: 0 20 0 24 0 15 0 18 0 19 0 11 0 21 0 23 26 
Rutas Drone 2: 0 22 10 17 12 5 0 4 25 0 1 8 7 0 14 2 0 3 13 0 16 6 0 9 26 

Tiempos Drone 1: 0 571 1055.25 1531.31 2007.37 2259.91 2512.45 4748 5168.26 5864 6205.39 6591.97 6978.55 7243 7507.44 7676.44 7845.44 
Tiempos Drone 2: 0 234 744 963 1470 1798 2275.48 2508.48 2859.99 3281.96 3519.59 3695.15 4696 5016.92 5635.04 5800 6461.25 6811.08 7072.73 7167.65 7643.18 7800.11 8377.91 8840.77 9303.64 

Energias Drone 1: 0 0.11 0.23 0.14 0.26 0.06 0.13 0.11 0.22 0.1 0.2 0.1 0.2 0.07 0.15 0.03 0.07 
Energias Drone 2: 0 0.01 0.14 0.18 0.21 0.26 0.26 0.07 0.19 0.26 0.08 0.13 0.16 0.24 0.18 0.2 0.26 0.1 0.17 0.2 0.16 0.2 0.26 0.15 0.26 

Pesos Drone 1: 1.5 0.2 1.5 0.8 1.5 0.6 1.5 0.5 1.5 0.8 1.5 0.39 1.5 0.7 1.5 0.1 0 
Pesos Drone 2: 1.5 0.9 0.79 0.69 0.29 0 1.5 1.3 1.09 1.5 1.4 0.9 0.39 1.5 0.9 0.79 1.5 0.9 0.49 1.5 1.3 0.79 1.5 1.2 0 

------------------------------------------------------------------------------------------------------------

Solución Iterated Local Search:

Función evaluación: 12143.2

Rutas Drone 1: 0 24 0 20 0 15 0 18 0 21 19 0 11 0 13 0 23 26 
Rutas Drone 2: 0 22 10 17 12 5 0 4 1 0 25 0 8 0 14 0 9 16 2 6 26 
Rutas Drone 3: 0 7 3 26 

Tiempos Drone 1: 0 792 1268.05 1752.31 2236.57 2489.11 2741.65 4748 5168.26 6105 6225.48 6566.88 6953.46 7340.04 7434.96 7529.88 7698.88 7867.88 
Tiempos Drone 2: 0 234 744 963 1470 1798 2275.48 2508.48 2578.97 2816.59 3238.57 3660.54 3901.57 4142.61 4908 5526.12 7341 7451.9 7646.65 7759.52 8337.32 
Tiempos Drone 3: 0 4696 6011 6360.83 

Energias Drone 1: 0 0.07 0.16 0.07 0.1 0.09 0.17 0.08 0.1 0.11 0.16 0.21 0.06 0.15 0.17 0.25 0.05 0.09 
Energias Drone 2: 0 0.01 0.14 0.18 0.21 0.26 0.26 0.11 0.14 0.23 0.06 0.11 0.08 0.16 0.16 0.24 0.07 0.12 0.21 0.23 0.26 
Energias Drone 3: 0 0.07 0.18 0.25 

Pesos Drone 1: 1.5 0.8 1.5 0.2 1.5 0.6 1.5 0.5 1.5 0.7 0 1.5 0.39 1.5 1.1 1.5 0.1 0 
Pesos Drone 2: 1.5 0.9 0.79 0.69 0.29 0 1.5 1.3 1.19 1.5 1.3 1.5 1 1.5 0.9 1.5 1.2 1 0.9 0.39 0 
Pesos Drone 3: 1.5 1 0.39 0 

------------------------------------------------------------------------------------------------------------

Estadísticas:

Iteraciones totales: 1081364

Apariciones BalanceoCargaA1: 0/40616
Apariciones BalanceoCargaA2: 14/54522
Apariciones BalanceoCargaB: 14/54862
Apariciones Swap: 70505/395667
Apariciones MoverCliente: 198351/528614
Apariciones MoverCliente2: 18/1850
Apariciones CrearRuta: 156/3586
Apariciones CrearRuta2: 6/1647

Tiempo de ejecución: 417 segundos

------------------------------------------------------------------------------------------------------------