------------------------------------------------------------------------------------------------------------

Solución Greedy:

Función evaluación: 5468.55

Rutas Drone 1: 0 10 0 6 0 8 11 
Rutas Drone 2: 0 9 2 3 1 0 5 7 0 4 11 

Tiempos Drone 1: 0 2081 2462.65 2918.95 3375.25 3921 4056.16 
Tiempos Drone 2: 0 140 439.66 883 1541 1858.49 2411 2961.93 3531.93 4128.12 4724.3 

Energias Drone 1: 0 0.08 0.17 0.1 0.21 0.03 0.06 
Energias Drone 2: 0 0.03 0.11 0.17 0.23 0.26 0 0.14 0.26 0.2 0.26 

Pesos Drone 1: 1.5 0 1.5 0.1 1.5 0.29 0 
Pesos Drone 2: 1.5 1.3 0.69 0.49 0.29 1.5 1.3 0.19 1.5 1.3 0 

------------------------------------------------------------------------------------------------------------

Solución Iterated Local Search:

Función evaluación: 4425.62

Rutas Drone 1: 0 10 0 6 0 8 11 
Rutas Drone 2: 0 9 2 3 1 0 5 0 7 4 11 

Tiempos Drone 1: 0 2081 2462.65 2918.95 3375.25 3921 4056.16 
Tiempos Drone 2: 0 140 439.66 883 1541 1858.49 2411 2438.29 3008.29 3133 3729.18 

Energias Drone 1: 0 0.08 0.17 0.1 0.21 0.03 0.06 
Energias Drone 2: 0 0.03 0.11 0.17 0.23 0.26 0.14 0.21 0.11 0.13 0.2 

Pesos Drone 1: 1.5 0 1.5 0.1 1.5 0.29 0 
Pesos Drone 2: 1.5 1.3 0.69 0.49 0.29 1.5 1.3 1.5 0.39 0.19 0 

------------------------------------------------------------------------------------------------------------

Estadísticas:

Iteraciones totales: 1081364

Apariciones BalanceoCargaA1: 0/49924
Apariciones BalanceoCargaA2: 0/49346
Apariciones BalanceoCargaB: 0/50730
Apariciones Swap: 2765/117351
Apariciones MoverCliente: 25500/714791
Apariciones MoverCliente2: 0/6214
Apariciones CrearRuta: 1870/86464
Apariciones CrearRuta2: 1/6544

Tiempo de ejecución: 229 segundos

------------------------------------------------------------------------------------------------------------