------------------------------------------------------------------------------------------------------------

Solución Greedy:

Función evaluación: 20175

Rutas Drone 1: 0 34 0 17 0 40 0 20 0 37 0 23 0 32 0 12 36 0 24 0 13 38 0 41 
Rutas Drone 2: 0 35 2 25 0 4 18 0 28 29 22 0 30 33 14 0 15 21 5 0 10 16 1 41 
Rutas Drone 3: 0 27 0 31 9 19 0 39 26 8 0 6 7 0 11 41 
Rutas Drone 4: 0 3 41 

Tiempos Drone 1: 0 109 217.24 682.24 1147.25 1506.49 1865.72 2117.92 2370.12 2590.36 2810.6 3014.62 3218.65 3582.02 3945.39 4390.02 4738.71 5186.39 5477.83 5769.27 6046.92 6194.5 6619.14 6619.14 
Tiempos Drone 2: 0 69 331.17 602.8 1081.51 1512.16 1883.03 2518.25 2691.32 2913.46 3340.28 3785.73 4230.62 4517.69 4732.36 5246.44 5580.87 5822.45 5886.74 6266.36 6678.04 6840.31 7063.74 7460.89 
Tiempos Drone 3: 0 811 1244.26 1632.03 1894.12 2229 2727.77 3172.96 4798 4998 5514.9 5731.5 6175.83 6825.83 7161.51 7497.19 
Tiempos Drone 4: 0 5467 5771.94 

Energias Drone 1: 0 0.02 0.05 0.1 0.2 0.1 0.21 0.06 0.12 0.05 0.1 0.05 0.1 0.08 0.16 0.13 0.21 0.26 0.07 0.15 0.08 0.11 0.21 0 
Energias Drone 2: 0 0.02 0.1 0.18 0.26 0.13 0.24 0.26 0.05 0.11 0.22 0.26 0.13 0.2 0.25 0.26 0.11 0.18 0.2 0.26 0.12 0.17 0.22 0.26 
Energias Drone 3: 0 0.11 0.22 0.11 0.18 0.25 0.26 0.13 0.14 0.19 0.26 0.07 0.19 0.26 0.1 0.2 
Energias Drone 4: 0 0.09 0.18 

Pesos Drone 1: 1.5 0.6 1.5 0 1.5 0.8 1.5 0.29 1.5 0.1 1.5 0.5 1.5 0 1.5 0.8 0.1 1.5 0.5 1.5 0.8 0 1.5 0 
Pesos Drone 2: 1.5 1.2 1.1 0.5 1.5 1 0.7 1.5 1.1 0.7 0.3 1.5 0.8 0.5 0 1.5 1.2 0.9 0.3 1.5 0.9 0.79 0.29 1.5 
Pesos Drone 3: 1.5 0.39 1.5 0.8 0.6 0.1 1.5 0.9 0.79 0.39 1.5 1.2 0.6 1.5 0.9 0 
Pesos Drone 4: 1.5 0.8 0 

------------------------------------------------------------------------------------------------------------

Solución Iterated Local Search:

Función evaluación: 15704.1

Rutas Drone 1: 0 34 0 17 0 20 0 37 0 23 0 32 0 3 12 0 24 0 41 
Rutas Drone 2: 0 35 2 25 0 4 18 0 28 0 30 33 0 21 14 7 41 
Rutas Drone 3: 0 27 0 31 9 19 0 39 26 8 0 6 11 41 
Rutas Drone 4: 0 22 5 0 36 38 0 10 1 41 
Rutas Drone 5: 0 29 40 0 13 15 0 16 41 

Tiempos Drone 1: 0 109 217.24 682.24 1147.25 1399.45 1651.65 1871.89 2092.13 2296.15 2500.18 2863.55 3226.92 5467 5653.1 6097.72 6389.16 6680.6 6680.6 
Tiempos Drone 2: 0 69 331.17 602.8 1081.51 1512.16 1883.03 2518.25 2691.32 2864.39 3309.28 3596.35 3934.37 4341.11 4470.12 5238 5888 
Tiempos Drone 3: 0 811 1244.26 1632.03 1894.12 2229 2727.77 3172.96 4798 4998 5514.9 5731.5 6383 6718.68 
Tiempos Drone 4: 0 1921 4758 5137.61 5585.3 5668.18 6092.81 6504.49 6680.34 7077.48 
Tiempos Drone 5: 0 1052 1073.63 1432.86 4943 5050.68 5385.12 5638.37 5891.63 

Energias Drone 1: 0 0.02 0.05 0.1 0.2 0.06 0.11 0.05 0.1 0.05 0.1 0.08 0.16 0.09 0.13 0.23 0.07 0.14 0 
Energias Drone 2: 0 0.02 0.1 0.18 0.26 0.13 0.24 0.26 0.06 0.11 0.08 0.13 0.21 0.08 0.15 0.21 0.24 
Energias Drone 3: 0 0.11 0.22 0.11 0.18 0.25 0.26 0.13 0.14 0.2 0.26 0.05 0.15 0.21 
Energias Drone 4: 0 0.12 0.17 0.23 0.13 0.15 0.24 0.12 0.17 0.26 
Energias Drone 5: 0 0.11 0.12 0.2 0.08 0.11 0.18 0.08 0.14 

Pesos Drone 1: 1.5 0.6 1.5 0 1.5 0.29 1.5 0.1 1.5 0.5 1.5 0 1.5 0.8 0.1 1.5 0.5 1.5 0 
Pesos Drone 2: 1.5 1.2 1.1 0.5 1.5 1 0.7 1.5 1.1 1.5 0.8 0.5 1.5 1.2 0.7 0.1 0 
Pesos Drone 3: 1.5 0.39 1.5 0.8 0.6 0.1 1.5 0.9 0.79 0.39 1.5 1.2 0.6 0 
Pesos Drone 4: 1.5 1.1 0.5 1.5 0.8 0 1.5 0.9 0.39 0 
Pesos Drone 5: 1.5 1.1 0.4 1.5 0.8 0.5 1.5 1.4 0 

------------------------------------------------------------------------------------------------------------

Estadísticas:

Iteraciones totales: 1082077

Apariciones BalanceoCargaA1: 2/46117
Apariciones BalanceoCargaA2: 7/48082
Apariciones BalanceoCargaB: 16/55801
Apariciones Swap: 19833/283158
Apariciones MoverCliente: 76045/461820
Apariciones MoverCliente2: 26/62118
Apariciones CrearRuta: 16/62910
Apariciones CrearRuta2: 12/62071

Tiempo de ejecución: 404 segundos

------------------------------------------------------------------------------------------------------------