------------------------------------------------------------------------------------------------------------

Solución Greedy:

Función evaluación: 14933.4

Rutas Drone 1: 0 8 0 20 0 4 0 16 0 22 14 0 12 0 15 0 25 26 
Rutas Drone 2: 0 17 5 24 0 11 9 21 13 0 6 7 10 0 3 18 0 1 19 26 
Rutas Drone 3: 0 2 0 23 26 

Tiempos Drone 1: 0 369 737.45 1223.3 1709.14 2087.69 2466.24 2933.71 3401.18 3989.5 4176.14 4581.78 5014.3 5446.81 5820 6088.48 6542.83 6997.18 
Tiempos Drone 2: 0 543 948 1165 1477.82 1942.6 2083.22 2259.62 2898 3256.28 3539.08 3912.12 4287 4579.18 5040.2 5265.64 5668.35 6196.99 6404.86 6783.14 
Tiempos Drone 3: 0 5658 6256.96 6737.02 7217.09 

Energias Drone 1: 0 0.1 0.21 0.12 0.25 0.11 0.22 0.12 0.25 0.17 0.21 0.26 0.1 0.2 0.07 0.14 0.13 0.26 
Energias Drone 2: 0 0.17 0.21 0.26 0.26 0.14 0.18 0.23 0.25 0.26 0.08 0.18 0.26 0.26 0.14 0.2 0.26 0.18 0.24 0.26 
Energias Drone 3: 0 0.21 0.26 0.15 0.26 

Pesos Drone 1: 1.5 0.8 1.5 0.39 1.5 0.8 1.5 0.6 1.5 0.8 0 1.5 0.2 1.5 0.6 1.5 0.8 0 
Pesos Drone 2: 1.5 1 0.6 0.2 1.5 0.9 0.79 0.59 0.29 1.5 0.9 0.59 0.19 1.5 0.9 0.49 1.5 1.3 0.9 1.5 
Pesos Drone 3: 1.5 1.4 1.5 1.1 0 

------------------------------------------------------------------------------------------------------------

Solución Iterated Local Search:

Función evaluación: 13733

Rutas Drone 1: 0 8 0 20 0 4 0 16 6 0 14 22 0 12 0 19 25 0 15 26 
Rutas Drone 2: 0 17 5 24 0 11 9 21 13 0 7 18 0 10 26 
Rutas Drone 3: 0 23 1 26 
Rutas Drone 4: 0 2 3 26 

Tiempos Drone 1: 0 369 737.45 1223.3 1709.14 2087.69 2466.24 2933.71 3125.98 3408.78 4082 4268.63 4856.95 5289.47 5721.98 6100.26 6375.13 6829.48 7097.97 7366.45 
Tiempos Drone 2: 0 543 948 1165 1477.82 1942.6 2083.22 2259.62 2898 3256.28 3755.98 5168 5570.71 5862.89 6155.07 
Tiempos Drone 3: 0 6127 6359.94 6888.58 
Tiempos Drone 4: 0 5658 5861.06 6322.08 

Energias Drone 1: 0 0.15 0.18 0.05 0.1 0.07 0.14 0.1 0.18 0.2 0.05 0.1 0.2 0.08 0.11 0.06 0.11 0.18 0.1 0.16 
Energias Drone 2: 0 0.17 0.21 0.26 0.26 0.14 0.18 0.23 0.25 0.26 0.06 0.12 0.23 0.1 0.14 
Energias Drone 3: 0 0.17 0.21 0.25 
Energias Drone 4: 0 0.18 0.22 0.26 

Pesos Drone 1: 1.5 0.8 1.5 0.39 1.5 0.8 1.5 0.6 0 1.5 0.7 0 1.5 0.2 1.5 1.1 0.4 1.5 0.6 0 
Pesos Drone 2: 1.5 1 0.6 0.2 1.5 0.9 0.79 0.59 0.29 1.5 1.2 0.8 1.5 1.1 0 
Pesos Drone 3: 1.5 1.1 0.9 0 
Pesos Drone 4: 1.5 1.4 0.79 0 

------------------------------------------------------------------------------------------------------------

Estadísticas:

Iteraciones totales: 1081364

Apariciones BalanceoCargaA1: 0/49877
Apariciones BalanceoCargaA2: 0/49339
Apariciones BalanceoCargaB: 0/50784
Apariciones Swap: 95250/200133
Apariciones MoverCliente: 485956/729464
Apariciones MoverCliente2: 7/539
Apariciones CrearRuta: 9/669
Apariciones CrearRuta2: 4/559

Tiempo de ejecución: 431 segundos

------------------------------------------------------------------------------------------------------------