------------------------------------------------------------------------------------------------------------

Solución Greedy:

Función evaluación: 9384.48

Rutas Drone 1: 0 10 0 11 9 0 7 0 14 0 1 16 
Rutas Drone 2: 0 12 2 0 15 0 6 13 0 5 3 8 0 4 16 

Tiempos Drone 1: 0 2446 2935.82 4112 4321 4528.07 4679.86 4831.64 5321.8 5811.96 6375.04 6938.12 
Tiempos Drone 2: 0 514 780 1112.18 1641.1 2170.02 2602.02 2933.38 3454.76 3705.59 3891.03 4863 5406.88 5838 6125.86 

Energias Drone 1: 0 0.12 0.24 0.12 0.17 0.22 0.04 0.08 0.13 0.26 0.17 0.34 
Energias Drone 2: 0 0.17 0.24 0.26 0.17 0.26 0.13 0.23 0.26 0.08 0.14 0.19 0.26 0.1 0.2 

Pesos Drone 1: 1.5 0.29 1.5 0.9 0.29 1.5 0.6 1.5 0.5 1.5 0.9 0 
Pesos Drone 2: 1.5 1.3 0.99 1.5 1.2 1.5 1 0.8 1.5 1.3 0.99 0.59 1.5 1.4 0 

------------------------------------------------------------------------------------------------------------

Solución Iterated Local Search:

Función evaluación: 6976.13

Rutas Drone 1: 0 13 10 0 3 11 9 0 14 0 7 0 4 1 8 16 
Rutas Drone 2: 0 2 0 12 15 6 0 5 16 

Tiempos Drone 1: 0 1748 2446 2935.82 3601 4112 4321 4528.07 5018.22 5508.38 5660.17 5811.96 6099.83 6387.66 6406.9 6950.79 
Tiempos Drone 2: 0 780 1112.18 1626.16 1708.92 2046.92 2478.93 3004 3254.83 

Energias Drone 1: 0 0.19 0.25 0.26 0.02 0.06 0.1 0.2 0.11 0.2 0.08 0.1 0.07 0.09 0.15 0.2 
Energias Drone 2: 0 0.18 0.24 0.01 0.04 0.08 0.12 0.14 0.23 

Pesos Drone 1: 1.5 1.3 0 1.5 1.2 0.6 0 1.5 0.5 1.5 0.6 1.5 1.4 0.79 0.39 0 
Pesos Drone 2: 1.5 1.2 1.5 1.3 0.99 0.49 1.5 1.3 0 

------------------------------------------------------------------------------------------------------------

Estadísticas:

Iteraciones totales: 1081364

Apariciones BalanceoCargaA1: 0/49368
Apariciones BalanceoCargaA2: 0/49829
Apariciones BalanceoCargaB: 0/50803
Apariciones Swap: 1275/34954
Apariciones MoverCliente: 110460/882035
Apariciones MoverCliente2: 4/2001
Apariciones CrearRuta: 410/10546
Apariciones CrearRuta2: 0/1828

Tiempo de ejecución: 246 segundos

------------------------------------------------------------------------------------------------------------