------------------------------------------------------------------------------------------------------------

Solución Greedy:

Función evaluación: 10722.6

Rutas Drone 1: 0 19 0 12 0 10 0 17 0 21 
Rutas Drone 2: 0 4 2 0 14 13 0 3 8 1 0 18 5 0 11 21 
Rutas Drone 3: 0 9 16 0 15 21 
Rutas Drone 4: 0 20 0 7 6 21 

Tiempos Drone 1: 0 441 881.82 2161 2548.71 2945.71 3342.72 3721.22 4099.72 4099.72 
Tiempos Drone 2: 0 362 835 1023.52 1666 1841.11 2277.2 2450.55 2759.42 3167.19 3354.94 3535.08 3730.21 4014.47 4196.95 4379.43 
Tiempos Drone 3: 0 2338 2823 3194.39 3688.1 4181.8 
Tiempos Drone 4: 0 3158 3533.13 3971.93 4078.7 4462.96 

Energias Drone 1: 0 0.12 0.24 0.1 0.2 0.09 0.18 0.08 0.17 0 
Energias Drone 2: 0 0.12 0.21 0.26 0.17 0.22 0.26 0.05 0.13 0.23 0.26 0.06 0.11 0.19 0.06 0.12 
Energias Drone 3: 0 0.07 0.11 0.21 0.12 0.25 
Energias Drone 4: 0 0.08 0.16 0.13 0.15 0.25 

Pesos Drone 1: 1.5 0.6 1.5 0.39 1.5 0.1 1.5 0.1 1.5 0 
Pesos Drone 2: 1.5 1.2 0.9 1.5 1.2 0.8 1.5 0.9 0.49 0 1.5 1.3 0.59 1.5 1.2 0 
Pesos Drone 3: 1.5 1.3 0.49 1.5 0.39 1.5 
Pesos Drone 4: 1.5 0 1.5 0.9 0.19 0 

------------------------------------------------------------------------------------------------------------

Solución Iterated Local Search:

Función evaluación: 8615

Rutas Drone 1: 0 19 3 0 12 1 0 10 0 17 0 21 
Rutas Drone 2: 0 4 13 14 8 0 5 11 21 
Rutas Drone 3: 0 2 16 9 0 15 21 
Rutas Drone 4: 0 20 0 18 6 7 21 

Tiempos Drone 1: 0 441 2051 2224.34 2612.06 2812.65 3000.4 3397.4 3794.41 4172.91 4551.41 4551.41 
Tiempos Drone 2: 0 362 1680 1855.11 2209 2688.75 2973 3779 3961.48 
Tiempos Drone 3: 0 835 2823 2973.88 3194.61 3688.32 4182.02 
Tiempos Drone 4: 0 3158 3533.13 3713.26 3917.38 4024.16 4462.96 

Energias Drone 1: 0 0.12 0.2 0.24 0.1 0.13 0.18 0.02 0.13 0.06 0.1 0.05 
Energias Drone 2: 0 0.06 0.12 0.13 0.19 0.22 0.07 0.1 0.21 
Energias Drone 3: 0 0.06 0.11 0.12 0.18 0.03 0.09 
Energias Drone 4: 0 0.04 0.08 0.01 0.09 0.12 0.18 

Pesos Drone 1: 1.5 0.6 0 1.5 0.39 0 1.5 0.1 1.5 0.1 1.5 0 
Pesos Drone 2: 1.5 1.2 0.8 0.5 0.1 1.5 0.8 0.5 0 
Pesos Drone 3: 1.5 1.2 0.4 0.2 1.5 0.39 0 
Pesos Drone 4: 1.5 0 1.5 1.3 0.59 0 0 

------------------------------------------------------------------------------------------------------------

Estadísticas:

Iteraciones totales: 937932

Apariciones BalanceoCargaA1: 12/1464
Apariciones BalanceoCargaA2: 11/1332
Apariciones BalanceoCargaB: 66/3772
Apariciones Swap: 3998/45305
Apariciones MoverCliente: 159280/870952
Apariciones MoverCliente2: 57/3040
Apariciones CrearRuta: 501/10139
Apariciones CrearRuta2: 14/1928

Tiempo de ejecución: 244 segundos

------------------------------------------------------------------------------------------------------------