------------------------------------------------------------------------------------------------------------

Solución Greedy:

Función evaluación: 7631.15

Rutas Drone 1: 0 15 0 13 11 0 12 5 16 
Rutas Drone 2: 0 14 3 9 0 7 2 0 10 0 4 8 0 6 1 16 

Tiempos Drone 1: 0 1957 2251.02 2806 4442 4969.52 5384.08 5584 5874.38 
Tiempos Drone 2: 0 175 662 1021.91 1290.19 1817.07 1967.3 2508.13 3125 3643.53 4066.34 4309.85 4802.23 5031.57 5145.16 5261.55 

Energias Drone 1: 0 0.06 0.13 0.1 0.19 0.26 0.12 0.17 0.24 
Energias Drone 2: 0 0.05 0.13 0.23 0.26 0.18 0.22 0.26 0.17 0.26 0.14 0.23 0.26 0.07 0.11 0.15 

Pesos Drone 1: 1.5 0 1.5 0.6 0.2 1.5 0.9 0.49 0 
Pesos Drone 2: 1.5 1.2 0.9 0.8 1.5 1.3 0.99 1.5 1.3 1.5 1.4 1.3 1.5 1.3 1.19 0 

------------------------------------------------------------------------------------------------------------

Solución Iterated Local Search:

Función evaluación: 5196.46

Rutas Drone 1: 0 15 0 9 13 8 11 0 12 5 16 
Rutas Drone 2: 0 14 0 3 2 7 10 4 0 1 6 16 

Tiempos Drone 1: 0 1957 2251.02 2519.31 2806 3312 4442 4969.52 5384.08 5584 5874.38 
Tiempos Drone 2: 0 175 349.61 761.04 1413 1563.23 3125 3480.56 3903.37 4043 4156.59 4385.92 

Energias Drone 1: 0 0.06 0.13 0.05 0.05 0.12 0.15 0.23 0.01 0.09 0.15 
Energias Drone 2: 0 0.03 0.13 0.04 0.05 0.12 0.17 0.25 0.26 0.1 0.19 0.25 

Pesos Drone 1: 1.5 0 1.5 1.4 0.5 0.4 0 1.5 0.9 0.49 0 
Pesos Drone 2: 1.5 1.2 1.5 1.2 0.9 0.7 0.5 0.4 1.5 1.4 1.19 0 

------------------------------------------------------------------------------------------------------------

Estadísticas:

Iteraciones totales: 1037568

Apariciones BalanceoCargaA1: 0/21563
Apariciones BalanceoCargaA2: 24/29654
Apariciones BalanceoCargaB: 45/54987
Apariciones Swap: 2099/58711
Apariciones MoverCliente: 88405/859737
Apariciones MoverCliente2: 17/2914
Apariciones CrearRuta: 182/7774
Apariciones CrearRuta2: 3/2228

Tiempo de ejecución: 264 segundos

------------------------------------------------------------------------------------------------------------