------------------------------------------------------------------------------------------------------------

Solución Greedy:

Función evaluación: 10499.6

Rutas Drone 1: 0 16 0 9 0 18 0 14 0 19 0 13 21 
Rutas Drone 2: 0 4 15 17 0 10 12 0 5 8 11 0 6 20 2 0 7 21 
Rutas Drone 3: 0 1 3 21 

Tiempos Drone 1: 0 388 775.13 2115 2268.76 2697 3081.37 3510.57 3939.77 4908 5155.41 5482.44 5809.48 
Tiempos Drone 2: 0 115 212.08 593.67 973.67 1405.67 1923.39 2407.51 2715.65 2997.82 3203.75 3459.14 3617 4067.13 4658 4877.72 5351.95 5826.18 
Tiempos Drone 3: 0 1190 1520.49 2006.3 

Energias Drone 1: 0 0.1 0.21 0.03 0.07 0.1 0.2 0.11 0.23 0.06 0.13 0.08 0.16 
Energias Drone 2: 0 0.04 0.07 0.17 0.26 0.12 0.26 0.26 0.1 0.19 0.24 0.26 0.04 0.16 0.25 0.26 0.16 0.32 
Energias Drone 3: 0 0.06 0.15 0.26 

Pesos Drone 1: 1.5 0.6 1.5 0.39 1.5 0.5 1.5 0.6 1.5 0.6 1.5 0.39 0 
Pesos Drone 2: 1.5 1.4 1.3 0.49 1.5 0.7 0.59 1.5 1.4 0.9 0.29 1.5 0.9 0.49 0.19 1.5 1.3 0 
Pesos Drone 3: 1.5 0.8 0.5 0 

------------------------------------------------------------------------------------------------------------

Solución Iterated Local Search:

Función evaluación: 8070.6

Rutas Drone 1: 0 4 0 3 10 0 9 0 14 20 0 6 19 0 13 7 21 
Rutas Drone 2: 0 15 16 0 11 1 0 8 21 
Rutas Drone 3: 0 17 12 5 0 18 2 21 

Tiempos Drone 1: 0 115 229.21 1296 1720.16 2152.17 2305.94 2459.7 2888.9 3738 4181.06 4328.06 4908 5155.41 5482.44 5646.25 6120.48 
Tiempos Drone 2: 0 185 525.29 912.43 2313 2353.16 2575.81 2626.38 2676.95 
Tiempos Drone 3: 0 380 976 1570 1878.13 2697 4658 4877.72 

Energias Drone 1: 0 0.07 0.08 0.1 0.2 0.25 0.08 0.18 0.12 0.14 0.21 0.05 0.14 0.19 0.04 0.1 0.17 
Energias Drone 2: 0 0.07 0.08 0.15 0.11 0.16 0.23 0.14 0.24 
Energias Drone 3: 0 0.06 0.06 0.15 0.23 0.05 0.13 0.23 

Pesos Drone 1: 1.5 1.4 1.5 1.2 0.4 1.5 0.39 1.5 0.6 0.2 1.5 0.9 0 1.5 0.39 0.19 0 
Pesos Drone 2: 1.5 1.4 0.5 1.5 0.9 0.19 1.5 1 0 
Pesos Drone 3: 1.5 0.7 0.59 0.49 1.5 0.5 0.19 0 

------------------------------------------------------------------------------------------------------------

Estadísticas:

Iteraciones totales: 933375

Apariciones BalanceoCargaA1: 2/528
Apariciones BalanceoCargaA2: 6/572
Apariciones BalanceoCargaB: 82/911
Apariciones Swap: 7517/74479
Apariciones MoverCliente: 166654/809942
Apariciones MoverCliente2: 57/3030
Apariciones CrearRuta: 2570/39911
Apariciones CrearRuta2: 88/4002

Tiempo de ejecución: 275 segundos

------------------------------------------------------------------------------------------------------------