------------------------------------------------------------------------------------------------------------

Solución Greedy:

Función evaluación: 4612.26

Rutas Drone 1: 0 6 0 10 0 4 8 11 
Rutas Drone 2: 0 1 3 0 9 5 2 7 11 

Tiempos Drone 1: 0 727 973.22 2485 2993.84 3458.34 3599.47 3927.55 
Tiempos Drone 2: 0 969 1881 2360.1 2621.3 2721.59 3094 3708 4085.4 

Energias Drone 1: 0 0.06 0.12 0.11 0.23 0.14 0.17 0.25 
Energias Drone 2: 0 0.16 0.21 0.26 0.08 0.11 0.13 0.19 0.26 

Pesos Drone 1: 1.5 0.29 1.5 0.1 1.5 0.9 0 0 
Pesos Drone 2: 1.5 1.4 0.9 1.5 1 0.7 0.5 0.4 0 

------------------------------------------------------------------------------------------------------------

Solución Iterated Local Search:

Función evaluación: 4284.9

Rutas Drone 1: 0 6 0 10 0 4 7 8 11 
Rutas Drone 2: 0 1 3 0 9 5 2 11 

Tiempos Drone 1: 0 727 973.22 2485 2993.84 3458.34 3708 3762.48 4090.56 
Tiempos Drone 2: 0 969 1881 2360.1 2621.3 2721.59 3094 3355.29 

Energias Drone 1: 0 0.06 0.12 0.11 0.23 0.14 0.16 0.21 0.23 
Energias Drone 2: 0 0.16 0.21 0.26 0.08 0.11 0.13 0.18 

Pesos Drone 1: 1.5 0.29 1.5 0.1 1.5 0.9 0.79 0 0 
Pesos Drone 2: 1.5 1.4 0.9 1.5 1 0.7 0.5 0 

------------------------------------------------------------------------------------------------------------

Estadísticas:

Iteraciones totales: 934136

Apariciones BalanceoCargaA1: 4/712
Apariciones BalanceoCargaA2: 9/794
Apariciones BalanceoCargaB: 77/1266
Apariciones Swap: 3651/54326
Apariciones MoverCliente: 105103/850112
Apariciones MoverCliente2: 36/2892
Apariciones CrearRuta: 1781/22283
Apariciones CrearRuta2: 4/1751

Tiempo de ejecución: 195 segundos

------------------------------------------------------------------------------------------------------------