------------------------------------------------------------------------------------------------------------

Solución Greedy:

Función evaluación: 18309.3

Rutas Drone 1: 0 18 24 0 16 0 17 0 29 0 20 0 21 0 36 
Rutas Drone 2: 0 7 14 0 6 9 0 25 11 26 13 0 10 23 0 5 15 31 0 30 22 2 0 4 36 
Rutas Drone 3: 0 1 12 0 35 32 27 0 28 3 19 0 34 0 8 36 
Rutas Drone 4: 0 33 36 

Tiempos Drone 1: 0 228 1273 1479.4 2294 2615.05 3113 3503.59 3981.68 4459.77 5312 5818.57 6276.94 6735.31 6735.31 
Tiempos Drone 2: 0 456 782.97 1037.46 1609.45 1881.85 2181.44 2388.6 2656.96 2841.35 3122.28 3558.9 4126.51 4339.45 4780.58 5192.46 5250.16 5574.8 5621.66 5629.27 5835.05 6165.11 6579.38 7026.16 7472.94 
Tiempos Drone 3: 0 807 1143.43 1578.32 2212 2254 2593.88 3040.03 3644 4245 5414 5794.46 6264.55 6734.64 6919.84 7105.03 
Tiempos Drone 4: 0 5885 6360.74 

Energias Drone 1: 0 0.06 0.08 0.13 0.07 0.15 0.1 0.2 0.13 0.26 0.14 0.26 0.11 0.22 0 
Energias Drone 2: 0 0.15 0.25 0.26 0.18 0.26 0.26 0.06 0.13 0.18 0.24 0.26 0.19 0.26 0.26 0.12 0.14 0.22 0.23 0 0.05 0.13 0.22 0.14 0.26 
Energias Drone 3: 0 0.16 0.25 0.26 0.16 0.17 0.25 0.26 0.16 0.17 0.21 0.26 0.14 0.26 0.06 0.12 
Energias Drone 4: 0 0.11 0.22 

Pesos Drone 1: 1.5 0.8 0.1 1.5 0.2 1.5 0.5 1.5 0.6 1.5 0.6 1.5 0.2 1.5 0 
Pesos Drone 2: 1.5 1.2 1 1.5 1.1 0.8 1.5 1 0.39 0.29 0 1.5 1.3 1.09 1.5 0.9 0.59 0.29 1.5 0.9 0.39 0 1.5 1.2 1.5 
Pesos Drone 3: 1.5 1 0.6 1.5 1.3 0.69 0.29 1.5 0.6 0.4 0 1.5 1 1.5 1.3 0 
Pesos Drone 4: 1.5 0.1 0 

------------------------------------------------------------------------------------------------------------

Solución Iterated Local Search:

Función evaluación: 15821.3

Rutas Drone 1: 0 18 24 0 16 0 29 0 17 0 23 21 0 20 34 0 36 
Rutas Drone 2: 0 14 0 9 6 7 0 25 0 11 10 4 2 36 
Rutas Drone 3: 0 1 12 0 35 32 27 0 28 3 8 0 31 36 
Rutas Drone 4: 0 26 0 13 5 15 0 33 36 
Rutas Drone 5: 0 22 19 0 30 36 

Tiempos Drone 1: 0 228 1273 1479.4 2294 2615.05 3249 3727.09 4117.68 4508.27 4949.4 5639 6097.36 6603.94 6768.01 7238.1 7238.1 
Tiempos Drone 2: 0 512 766.48 1066.08 1338.48 1683.49 2139.18 2346.33 2553.48 2927.57 3124.65 5776 5817.77 6232.05 
Tiempos Drone 3: 0 807 1143.43 1578.32 2212 2254 2593.88 3040.03 3644 4245 6677 6862.19 6909.05 6955.91 
Tiempos Drone 4: 0 1856 2055.84 2492.46 3636 4597 4963.89 5885 6360.74 
Tiempos Drone 5: 0 5130 5414 5794.46 5802.08 5809.69 

Energias Drone 1: 0 0.15 0.21 0.24 0.02 0.11 0.11 0.18 0.11 0.14 0.09 0.13 0.16 0.06 0.12 0.18 0.01 
Energias Drone 2: 0 0.17 0.23 0.03 0.06 0.17 0.26 0.1 0.2 0.04 0.12 0.17 0.2 0.26 
Energias Drone 3: 0 0.16 0.25 0.26 0.16 0.17 0.25 0.26 0.11 0.15 0.22 0.26 0.04 0.09 
Energias Drone 4: 0 0.18 0.24 0.03 0.06 0.16 0.25 0.08 0.17 
Energias Drone 5: 0 0.16 0.23 0.26 0.03 0.11 

Pesos Drone 1: 1.5 0.8 0.1 1.5 0.2 1.5 0.6 1.5 0.5 1.5 1.3 0 1.5 0.6 0.1 1.5 0 
Pesos Drone 2: 1.5 1.3 1.5 1.2 0.8 0.5 1.5 1 1.5 0.9 0.7 0.39 0 0 
Pesos Drone 3: 1.5 1 0.6 1.5 1.3 0.69 0.29 1.5 0.6 0.4 0.2 1.5 1.2 0 
Pesos Drone 4: 1.5 1.4 1.5 1.2 0.6 0.3 1.5 0.1 0 
Pesos Drone 5: 1.5 1 0.6 1.5 0.9 0 

------------------------------------------------------------------------------------------------------------

Estadísticas:

Iteraciones totales: 1080465

Apariciones BalanceoCargaA1: 0/35999
Apariciones BalanceoCargaA2: 10/43835
Apariciones BalanceoCargaB: 38/70166
Apariciones Swap: 10176/135006
Apariciones MoverCliente: 99067/774937
Apariciones MoverCliente2: 33/3275
Apariciones CrearRuta: 636/14681
Apariciones CrearRuta2: 14/2566

Tiempo de ejecución: 302 segundos

------------------------------------------------------------------------------------------------------------