------------------------------------------------------------------------------------------------------------

Solución Greedy:

Función evaluación: 3661.07

Rutas Drone 1: 0 9 0 7 0 8 0 10 11 
Rutas Drone 2: 0 3 6 1 0 4 2 5 11 

Tiempos Drone 1: 0 776 1114.99 1362.54 1610.08 1823 1975.2 2230.42 2485.64 
Tiempos Drone 2: 0 750 1000 1186.49 1469.33 1560.59 1979 2421 2718.28 

Energias Drone 1: 0 0.09 0.19 0.06 0.13 0.04 0.08 0.06 0.13 
Energias Drone 2: 0 0.05 0.08 0.12 0.19 0.02 0.13 0.16 0.24 

Pesos Drone 1: 1.5 0.7 1.5 0.6 1.5 0.7 1.5 0.39 0 
Pesos Drone 2: 1.5 1.3 0.69 0 1.5 0.9 0.49 0.19 0 

------------------------------------------------------------------------------------------------------------

Solución Iterated Local Search:

Función evaluación: 3173.06

Rutas Drone 1: 0 1 4 0 6 7 0 10 11 
Rutas Drone 2: 0 9 3 0 8 2 5 11 

Tiempos Drone 1: 0 1169 1451 1542.26 1644.87 1796.09 2043.63 2298.85 2554.07 
Tiempos Drone 2: 0 776 958.52 1126.81 1823 2128.36 2421 2718.28 

Energias Drone 1: 0 0.08 0.16 0.25 0.02 0.08 0.13 0.03 0.06 
Energias Drone 2: 0 0.08 0.16 0.26 0.02 0.08 0.13 0.17 

Pesos Drone 1: 1.5 0.8 0.19 1.5 0.9 0 1.5 0.39 0 
Pesos Drone 2: 1.5 0.7 0.5 1.5 0.7 0.29 0 0 

------------------------------------------------------------------------------------------------------------

Estadísticas:

Iteraciones totales: 160329

Apariciones BalanceoCargaA1: 12/103
Apariciones BalanceoCargaA2: 8/93
Apariciones BalanceoCargaB: 25/133
Apariciones Swap: 2514/16815
Apariciones MoverCliente: 20974/125808
Apariciones MoverCliente2: 12/1138
Apariciones CrearRuta: 1457/15435
Apariciones CrearRuta2: 3/804

Tiempo de ejecución: 104 segundos

------------------------------------------------------------------------------------------------------------