------------------------------------------------------------------------------------------------------------

Solución Greedy:

Función evaluación: 15320.9

Rutas Drone 1: 0 27 0 19 0 24 0 20 0 22 0 30 31 
Rutas Drone 2: 0 2 15 10 0 6 4 5 28 0 3 23 29 0 12 11 18 0 7 13 0 9 21 31 
Rutas Drone 3: 0 26 14 8 0 16 0 1 31 
Rutas Drone 4: 0 17 31 
Rutas Drone 5: 0 25 31 

Tiempos Drone 1: 0 311 621.13 1171.56 1721.99 2198.5 2675.01 3035.01 3395.01 3955 4435.28 4844 5252.73 
Tiempos Drone 2: 0 248 265 540.63 828.8 1080.53 1154.32 1486.36 1747.52 2164.77 2337.76 2742.95 2987.32 3371.36 3596.44 3869.54 3921.01 4361.26 4560.81 4639.04 4895.75 5322.7 5476.17 5984.76 
Tiempos Drone 3: 0 1103 1523 1851 2299.02 2595.92 2892.81 3066.77 3240.72 
Tiempos Drone 4: 0 1966 2454.52 
Tiempos Drone 5: 0 2176 2678.17 

Energias Drone 1: 0 0.07 0.14 0.15 0.26 0.1 0.21 0.09 0.19 0.1 0.21 0.09 0.19 
Energias Drone 2: 0 0.07 0.08 0.14 0.21 0.08 0.1 0.18 0.24 0.26 0.05 0.16 0.22 0.26 0.07 0.14 0.15 0.25 0.06 0.07 0.13 0.14 0.19 0.34 
Energias Drone 3: 0 0.06 0.11 0.19 0.26 0.08 0.17 0.06 0.12 
Energias Drone 4: 0 0.12 0.24 
Energias Drone 5: 0 0.12 0.25 

Pesos Drone 1: 1.5 0.2 1.5 0.6 1.5 0 1.5 0.5 1.5 0 1.5 0.1 0 
Pesos Drone 2: 1.5 1 0.7 0 1.5 1.2 0.6 0.3 0 1.5 1.3 0.39 0 1.5 1 0.39 0 1.5 0.9 0 1.5 1.3 0.9 0 
Pesos Drone 3: 1.5 0.5 0.19 0 1.5 0.8 1.5 1.4 0 
Pesos Drone 4: 1.5 0.29 0 
Pesos Drone 5: 1.5 0.29 0 

------------------------------------------------------------------------------------------------------------

Solución Iterated Local Search:

Función evaluación: 14321

Rutas Drone 1: 0 27 0 24 0 14 19 0 20 0 22 0 30 31 
Rutas Drone 2: 0 2 15 10 0 6 4 5 28 0 3 23 29 0 12 11 18 0 7 13 0 9 21 31 
Rutas Drone 3: 0 26 0 16 31 
Rutas Drone 4: 0 17 1 31 
Rutas Drone 5: 0 25 8 31 

Tiempos Drone 1: 0 311 621.13 1097.63 1574.14 1845.59 2203.42 2753.86 3113.86 3473.86 3955 4435.28 4844 5252.73 
Tiempos Drone 2: 0 248 265 540.63 828.8 1080.53 1154.32 1486.36 1747.52 2164.77 2337.76 2742.95 2987.32 3371.36 3596.44 3869.54 3921.01 4361.26 4560.81 4639.04 4895.75 5322.7 5476.17 5984.76 
Tiempos Drone 3: 0 1103 1331.65 1838 2134.89 
Tiempos Drone 4: 0 1966 2662 2835.95 
Tiempos Drone 5: 0 2176 2281.32 2729.34 

Energias Drone 1: 0 0.07 0.14 0.04 0.09 0.11 0.19 0.22 0.08 0.13 0.09 0.17 0.06 0.12 
Energias Drone 2: 0 0.07 0.08 0.14 0.21 0.08 0.1 0.18 0.24 0.26 0.05 0.16 0.22 0.26 0.07 0.14 0.15 0.25 0.06 0.07 0.13 0.14 0.19 0.34 
Energias Drone 3: 0 0.04 0.06 0.05 0.1 
Energias Drone 4: 0 0.04 0.06 0.11 
Energias Drone 5: 0 0.04 0.06 0.11 

Pesos Drone 1: 1.5 0.2 1.5 0 1.5 1.2 0.3 1.5 0.5 1.5 0 1.5 0.1 0 
Pesos Drone 2: 1.5 1 0.7 0 1.5 1.2 0.6 0.3 0 1.5 1.3 0.39 0 1.5 1 0.39 0 1.5 0.9 0 1.5 1.3 0.9 0 
Pesos Drone 3: 1.5 0.5 1.5 0.8 0 
Pesos Drone 4: 1.5 0.29 0.19 0 
Pesos Drone 5: 1.5 0.29 0 0 

------------------------------------------------------------------------------------------------------------

Estadísticas:

Iteraciones totales: 1081364

Apariciones BalanceoCargaA1: 0/49710
Apariciones BalanceoCargaA2: 0/49245
Apariciones BalanceoCargaB: 0/51045
Apariciones Swap: 87886/241561
Apariciones MoverCliente: 307611/682114
Apariciones MoverCliente2: 21/961
Apariciones CrearRuta: 572/5385
Apariciones CrearRuta2: 50/1343

Tiempo de ejecución: 436 segundos

------------------------------------------------------------------------------------------------------------