------------------------------------------------------------------------------------------------------------

Solución Greedy:

Función evaluación: 24047.4

Rutas Drone 1: 0 23 0 12 0 27 0 36 0 1 0 32 0 41 0 39 0 31 0 29 0 46 
Rutas Drone 2: 0 7 3 30 0 4 0 24 14 0 35 13 25 0 8 38 16 0 15 0 10 9 0 37 0 44 0 22 46 
Rutas Drone 3: 0 2 43 0 40 45 11 0 34 0 19 28 33 0 21 18 0 6 46 
Rutas Drone 4: 0 5 26 17 0 20 42 46 

Tiempos Drone 1: 0 214 427.02 937.24 1447.46 2045.61 2643.76 2886.29 3128.81 3574.13 4019.44 4399.33 4779.21 5284.33 5789.44 6165.59 6541.73 7023.98 7506.23 7804.51 8102.8 8102.8 
Tiempos Drone 2: 0 218 346 526.33 969.59 1451.93 1934.28 2353.59 2625.31 2827.38 3046.04 3187.2 3631.86 4090.49 4343.26 4630.57 4858.58 5312.9 5791.56 6270.21 6629.43 6845.88 7320.92 7415.29 7509.66 7817.53 8125.41 8144.01 8162.61 
Tiempos Drone 3: 0 1089 1525.6 1974.76 2248.35 3207 4002 4186.1 4737.13 5288.17 5707.4 6024.45 6191.49 6367.26 6782.27 7244 7650.51 7811.93 7973.35 
Tiempos Drone 4: 0 1505 6619 6709.07 7147.01 7421.56 7580.37 7741.59 

Energias Drone 1: 0 0.05 0.11 0.15 0.26 0.14 0.26 0.06 0.12 0.13 0.26 0.09 0.19 0.12 0.24 0.1 0.2 0.14 0.26 0.06 0.13 0 
Energias Drone 2: 0 0.07 0.11 0.16 0.26 0.16 0.26 0.13 0.21 0.26 0.07 0.12 0.25 0.26 0.07 0.15 0.2 0.26 0.16 0.26 0.11 0.18 0.26 0.02 0.04 0.07 0.14 0 0.01 
Energias Drone 3: 0 0.12 0.24 0.26 0.08 0.15 0.2 0.24 0.16 0.26 0.13 0.22 0.26 0.26 0.13 0.26 0.26 0.05 0.11 
Energias Drone 4: 0 0.14 0.19 0.21 0.26 0.09 0.13 0.16 

Pesos Drone 1: 1.5 0.5 1.5 0.8 1.5 0.2 1.5 0.39 1.5 0.8 1.5 0.39 1.5 0.2 1.5 0.5 1.5 0.8 1.5 0.1 1.5 0 
Pesos Drone 2: 1.5 1.3 0.9 0.7 1.5 1.4 1.5 1 0.9 1.5 1.3 1.09 0.89 1.5 0.9 0.49 0.19 1.5 1.3 1.5 1.1 1 1.5 0.2 1.5 0.2 1.5 0.9 0 
Pesos Drone 3: 1.5 0.8 0.5 1.5 0.9 0.29 0 1.5 0.9 1.5 1.2 0.5 0.4 1.5 1.2 0.6 1.5 1.3 1.5 
Pesos Drone 4: 1.5 1.1 1 0.9 1.5 1.4 0 0 

------------------------------------------------------------------------------------------------------------

Solución Iterated Local Search:

Función evaluación: 11014.8

Rutas Drone 1: 0 12 3 7 0 23 0 4 27 0 0 8 0 44 6 46 
Rutas Drone 2: 0 24 43 30 0 40 31 0 37 46 
Rutas Drone 3: 0 36 14 11 0 45 28 0 39 9 19 46 
Rutas Drone 4: 0 2 5 13 0 35 20 17 26 0 42 46 
Rutas Drone 5: 0 15 34 0 41 0 18 33 0 29 0 22 46 
Rutas Drone 6: 0 1 0 16 0 25 0 38 0 32 21 0 10 46 

Tiempos Drone 1: 0 511 684.21 811.69 1029.5 1242.52 1455.55 1937.89 2208.94 2807.09 2807.09 3059.86 3312.63 6155 6452 6613.41 
Tiempos Drone 2: 0 682 1149 1276.2 1719.45 1993.05 5427 5909.24 6003.61 6097.98 
Tiempos Drone 3: 0 1436 1514.1 4002 4186.1 4484.98 4929 5261.25 5637.4 5752.38 5899.27 6318.5 
Tiempos Drone 4: 0 1089 1505 2334 2692.64 2911.3 6938 7114.24 7204.31 7552.27 7713.49 7874.71 
Tiempos Drone 5: 0 3975 4095 4646.03 5151.15 5656.26 6179 6410.82 6586.58 6884.86 7183.15 7201.75 7220.35 
Tiempos Drone 6: 0 1999 2444.31 2984 3438.31 3896.94 4355.57 4718.07 5080.57 5460.45 5951 6366.01 6725.22 7084.43 

Energias Drone 1: 0 0.13 0.15 0.19 0.25 0.14 0.22 0.02 0.05 0.1 0.04 0.06 0.14 0.08 0.13 0.19 
Energias Drone 2: 0 0.13 0.16 0.2 0.26 0.15 0.24 0.26 0.02 0.07 
Energias Drone 3: 0 0.11 0.13 0.17 0.23 0.15 0.24 0.26 0.03 0.08 0.13 0.18 
Energias Drone 4: 0 0.13 0.15 0.19 0.25 0.07 0.09 0.11 0.15 0.2 0.05 0.09 
Energias Drone 5: 0 0.15 0.17 0.21 0.12 0.23 0.12 0.19 0.23 0.06 0.13 0 0 
Energias Drone 6: 0 0.13 0.23 0.15 0.25 0.15 0.26 0.11 0.19 0.09 0.12 0.21 0.11 0.19 

Pesos Drone 1: 1.5 0.8 0.4 0.2 1.5 0.5 1.5 1.4 0.1 1.5 1.5 0.9 1.5 0.2 0 0 
Pesos Drone 2: 1.5 1 0.7 0.5 1.5 0.9 0.19 1.5 0.2 0 
Pesos Drone 3: 1.5 0.39 0.29 0 1.5 0.9 0.19 1.5 0.5 0.4 0 0 
Pesos Drone 4: 1.5 0.8 0.4 0.2 1.5 1.3 1.19 1.09 0.99 1.5 0.1 0 
Pesos Drone 5: 1.5 1.3 0.69 1.5 0.2 1.5 0.9 0.79 1.5 0.1 1.5 0.9 0 
Pesos Drone 6: 1.5 0.8 1.5 1.2 1.5 1.3 1.5 1.1 1.5 0.39 0 1.5 1.1 0 

------------------------------------------------------------------------------------------------------------

Estadísticas:

Iteraciones totales: 958627

Apariciones BalanceoCargaA1: 0/6116
Apariciones BalanceoCargaA2: 44/8851
Apariciones BalanceoCargaB: 121/13656
Apariciones Swap: 4024/72788
Apariciones MoverCliente: 87198/824008
Apariciones MoverCliente2: 38/4203
Apariciones CrearRuta: 1039/25340
Apariciones CrearRuta2: 19/3661

Tiempo de ejecución: 347 segundos

------------------------------------------------------------------------------------------------------------