------------------------------------------------------------------------------------------------------------

Solución Greedy:

Función evaluación: 13894.4

Rutas Drone 1: 0 19 0 25 0 20 0 16 0 23 0 21 0 26 
Rutas Drone 2: 0 3 22 14 0 8 9 0 18 10 0 6 5 0 2 24 7 11 0 15 26 
Rutas Drone 3: 0 12 0 17 1 4 0 13 26 

Tiempos Drone 1: 0 481 961.18 2660 3181.16 3703.97 4226.79 4565.29 4903.79 5321.38 5738.98 6180.45 6621.92 6621.92 
Tiempos Drone 2: 0 401 830.23 1025.71 1265.3 1750.53 2002.69 2242.03 2454.82 2697.36 3146.39 3599.55 3920.95 4515.7 4802.33 4841.16 5012.43 5335.97 5517.77 5760.03 6002.29 
Tiempos Drone 3: 0 485 934.87 1981 2979 3221 3501.12 5792 6113.73 

Energias Drone 1: 0 0.11 0.23 0.13 0.26 0.14 0.26 0.09 0.18 0.1 0.21 0.11 0.22 0 
Energias Drone 2: 0 0.08 0.2 0.25 0.26 0.14 0.21 0.26 0.06 0.11 0.21 0.15 0.25 0.26 0.09 0.1 0.15 0.24 0.26 0.06 0.13 
Energias Drone 3: 0 0.12 0.24 0.13 0.15 0.2 0.26 0.07 0.15 

Pesos Drone 1: 1.5 0.2 1.5 0.39 1.5 0.6 1.5 0.6 1.5 0.39 1.5 0.39 1.5 0 
Pesos Drone 2: 1.5 0.8 0.7 0.39 1.5 0.9 0.39 1.5 0.7 0 1.5 1.3 0.99 1.5 1.1 1 0.7 0.59 1.5 0.7 0 
Pesos Drone 3: 1.5 0.5 1.5 0.8 0.7 0 1.5 0.2 0 

------------------------------------------------------------------------------------------------------------

Solución Iterated Local Search:

Función evaluación: 11483.5

Rutas Drone 1: 0 19 0 6 25 1 0 7 16 0 26 
Rutas Drone 2: 0 10 3 0 18 9 0 5 20 0 15 0 21 26 
Rutas Drone 3: 0 17 8 24 0 2 4 0 13 26 
Rutas Drone 4: 0 12 22 14 0 23 11 26 

Tiempos Drone 1: 0 481 961.18 2354 2660 2979 3462.71 4192 4264.42 4602.92 4602.92 
Tiempos Drone 2: 0 1508 1687.42 1976.53 2189.32 2335.76 2575.11 3169.86 3368 3890.81 5208 5450.25 5891.72 6333.19 
Tiempos Drone 3: 0 1981 2028.01 4128 4376.92 4663.55 4709.69 4989.82 5792 6113.73 
Tiempos Drone 4: 0 485 887.59 1083.07 1322.65 4204 5076 5257.8 

Energias Drone 1: 0 0.11 0.23 0.04 0.07 0.14 0.21 0.12 0.16 0.22 0.07 
Energias Drone 2: 0 0.14 0.18 0.22 0.02 0.1 0.17 0.12 0.16 0.22 0.09 0.19 0.09 0.14 
Energias Drone 3: 0 0.14 0.19 0.22 0.24 0.1 0.18 0.26 0.04 0.1 
Energias Drone 4: 0 0.12 0.18 0.21 0.23 0.08 0.16 0.24 

Pesos Drone 1: 1.5 0.2 1.5 1.3 0.19 0 1.5 1.2 0.3 1.5 0 
Pesos Drone 2: 1.5 0.8 0.1 1.5 0.7 0.19 1.5 1.2 0.3 1.5 0.7 1.5 0.39 0 
Pesos Drone 3: 1.5 0.8 0.19 0 1.5 1.1 0.4 1.5 0.2 0 
Pesos Drone 4: 1.5 0.5 0.4 0 1.5 0.39 0.29 0 

------------------------------------------------------------------------------------------------------------

Estadísticas:

Iteraciones totales: 1007612

Apariciones BalanceoCargaA1: 0/20536
Apariciones BalanceoCargaA2: 4/20773
Apariciones BalanceoCargaB: 52/34939
Apariciones Swap: 2730/39234
Apariciones MoverCliente: 158410/885577
Apariciones MoverCliente2: 38/2318
Apariciones CrearRuta: 57/2499
Apariciones CrearRuta2: 18/1736

Tiempo de ejecución: 449 segundos

------------------------------------------------------------------------------------------------------------