------------------------------------------------------------------------------------------------------------

Solución Greedy:

Función evaluación: 10453.5

Rutas Drone 1: 0 18 0 20 0 12 0 13 0 15 0 8 3 21 
Rutas Drone 2: 0 5 10 0 19 9 0 6 1 4 0 11 14 0 2 16 21 
Rutas Drone 3: 0 7 17 21 

Tiempos Drone 1: 0 291 581.25 1039.11 1496.97 1537.28 1577.59 1990.83 2404.06 2794.35 3184.64 5428 5667 5989.75 
Tiempos Drone 2: 0 277 721.17 1222.69 1731.02 2333 2733.21 3402 3893 4206.96 4484.94 4762.79 5181.51 5829.1 6159.28 6303.64 6503.01 
Tiempos Drone 3: 0 5090 5830 6193.74 

Energias Drone 1: 0 0.08 0.16 0.1 0.2 0 0.01 0.09 0.19 0.09 0.19 0.1 0.15 0.23 
Energias Drone 2: 0 0.08 0.21 0.26 0.17 0.24 0.26 0.11 0.13 0.2 0.26 0.08 0.2 0.26 0.1 0.14 0.19 
Energias Drone 3: 0 0.17 0.23 0.26 

Pesos Drone 1: 1.5 0.6 1.5 0 1.5 0.2 1.5 0.1 1.5 0.29 1.5 0.8 0.1 0 
Pesos Drone 2: 1.5 0.9 0.7 1.5 1.4 1.3 1.5 1.3 0.69 0 1.5 0.9 0.7 1.5 1.1 0.5 0 
Pesos Drone 3: 1.5 1.4 1 0 

------------------------------------------------------------------------------------------------------------

Solución Iterated Local Search:

Función evaluación: 8816.41

Rutas Drone 1: 0 20 0 5 0 18 19 9 0 12 0 13 7 0 8 2 21 
Rutas Drone 2: 0 10 4 0 1 3 21 
Rutas Drone 3: 0 6 15 0 14 17 11 0 16 21 

Tiempos Drone 1: 0 458 915.85 1192.34 1468.83 1759.08 2139.72 2339.44 2739.66 2779.97 2820.28 3233.52 5090 5581.86 5933.9 5969.67 6299.85 
Tiempos Drone 2: 0 502 4115 4392.97 4705.41 5667 5989.75 
Tiempos Drone 3: 0 3402 3447.8 3838.09 4697 5830 5947.95 6225.8 6425.18 6624.55 

Energias Drone 1: 0 0.07 0.13 0.05 0.1 0.08 0.1 0.16 0.22 0.02 0.06 0.05 0.1 0.19 0.06 0.16 0.24 
Energias Drone 2: 0 0.1 0.19 0.23 0.06 0.13 0.15 
Energias Drone 3: 0 0.1 0.17 0.21 0.07 0.16 0.18 0.23 0.08 0.1 

Pesos Drone 1: 1.5 0 1.5 0.9 1.5 0.6 0.5 0.4 1.5 0.2 1.5 0.1 0 1.5 0.8 0.4 0 
Pesos Drone 2: 1.5 1.3 0.69 1.5 0.9 0.19 0 
Pesos Drone 3: 1.5 1.3 0 1.5 1.3 0.9 0.29 1.5 0.9 0 

------------------------------------------------------------------------------------------------------------

Estadísticas:

Iteraciones totales: 1032190

Apariciones BalanceoCargaA1: 0/31286
Apariciones BalanceoCargaA2: 4/32418
Apariciones BalanceoCargaB: 32/37122
Apariciones Swap: 25157/85404
Apariciones MoverCliente: 277621/835432
Apariciones MoverCliente2: 35/2130
Apariciones CrearRuta: 286/6780
Apariciones CrearRuta2: 21/1618

Tiempo de ejecución: 360 segundos

------------------------------------------------------------------------------------------------------------