------------------------------------------------------------------------------------------------------------

Solución Greedy:

Función evaluación: 16893.3

Rutas Drone 1: 0 16 0 15 0 18 0 17 0 25 0 24 0 27 0 19 0 31 
Rutas Drone 2: 0 1 2 0 12 3 0 23 0 21 8 6 0 13 22 5 31 
Rutas Drone 3: 0 4 26 0 28 14 7 0 11 29 0 10 30 31 
Rutas Drone 4: 0 9 0 20 31 

Tiempos Drone 1: 0 386 771.64 1137.09 1502.53 1763.31 2024.1 2278.34 2532.59 2887.7 3242.81 3630.55 4018.29 4582 4885.4 5462.9 6040.4 6040.4 
Tiempos Drone 2: 0 409 608.91 817.97 1338.52 1572.86 2075.75 2581.24 3086.73 3441.75 3563.87 3707.71 4089.14 4443.1 4527.68 4778.22 5290.45 
Tiempos Drone 3: 0 1447 1766 1980.67 2506.03 2683.29 2896.44 3262 3669 4075 4475.66 4944.59 5213.07 5723.84 
Tiempos Drone 4: 0 2253 2640.74 5235 5572.33 

Energias Drone 1: 0 0.11 0.22 0.09 0.18 0.06 0.13 0.07 0.14 0.08 0.16 0.1 0.2 0.07 0.14 0.12 0.25 0 
Energias Drone 2: 0 0.12 0.18 0.24 0.16 0.23 0.26 0.14 0.26 0.11 0.14 0.18 0.26 0.11 0.13 0.19 0.26 
Energias Drone 3: 0 0.16 0.24 0.26 0.15 0.2 0.26 0.26 0.11 0.15 0.26 0.14 0.22 0.26 
Energias Drone 4: 0 0.12 0.25 0.07 0.15 

Pesos Drone 1: 1.5 0.7 1.5 0.29 1.5 0.5 1.5 0.7 1.5 0.1 1.5 0.5 1.5 0.1 1.5 0 1.5 0 
Pesos Drone 2: 1.5 1 0.6 1.5 1.1 0.9 1.5 0.8 1.5 1 0.7 0.39 1.5 1 0.39 0.19 1.5 
Pesos Drone 3: 1.5 1.4 0.29 1.5 0.9 0.59 0.19 1.5 1.2 1 1.5 0.9 0.79 1.5 
Pesos Drone 4: 1.5 1.1 1.5 0.1 0 

------------------------------------------------------------------------------------------------------------

Solución Iterated Local Search:

Función evaluación: 16138.1

Rutas Drone 1: 0 16 0 15 0 18 0 25 0 24 21 0 27 0 19 0 31 
Rutas Drone 2: 0 1 2 0 12 3 0 23 0 22 13 5 31 
Rutas Drone 3: 0 4 26 0 28 14 7 0 11 29 0 10 30 31 
Rutas Drone 4: 0 6 8 0 20 31 
Rutas Drone 5: 0 17 9 31 

Tiempos Drone 1: 0 386 771.64 1137.09 1502.53 1763.31 2024.1 2379.21 2734.33 3122.06 3179.34 3534.35 4582 4885.4 5462.9 6040.4 6040.4 
Tiempos Drone 2: 0 409 608.91 817.97 1338.52 1572.86 2075.75 2581.24 3086.73 3405 3489.58 3657.6 4169.84 
Tiempos Drone 3: 0 1447 1766 1980.67 2506.03 2683.29 2896.44 3262 3669 4075 4475.66 4944.59 5213.07 5723.84 
Tiempos Drone 4: 0 2805 2948.83 3202.7 5235 5572.33 
Tiempos Drone 5: 0 1317 2253 2640.74 

Energias Drone 1: 0 0.11 0.22 0.09 0.18 0.06 0.12 0.08 0.16 0.1 0.11 0.19 0.07 0.13 0.12 0.25 0 
Energias Drone 2: 0 0.12 0.18 0.24 0.16 0.23 0.26 0.14 0.26 0.08 0.1 0.14 0.25 
Energias Drone 3: 0 0.16 0.24 0.26 0.15 0.2 0.26 0.26 0.03 0.12 0.2 0.12 0.2 0.24 
Energias Drone 4: 0 0.12 0.17 0.22 0.07 0.15 
Energias Drone 5: 0 0.11 0.16 0.26 

Pesos Drone 1: 1.5 0.7 1.5 0.29 1.5 0.5 1.5 0.1 1.5 0.5 0 1.5 0.1 1.5 0 1.5 0 
Pesos Drone 2: 1.5 1 0.6 1.5 1.1 0.9 1.5 0.8 1.5 0.9 0.39 0.19 0 
Pesos Drone 3: 1.5 1.4 0.29 1.5 0.9 0.59 0.19 1.5 1.2 1 1.5 0.9 0.79 0 
Pesos Drone 4: 1.5 1.2 0.9 1.5 0.1 0 
Pesos Drone 5: 1.5 0.7 0.29 0 

------------------------------------------------------------------------------------------------------------

Estadísticas:

Iteraciones totales: 1001745

Apariciones BalanceoCargaA1: 0/20788
Apariciones BalanceoCargaA2: 9/20873
Apariciones BalanceoCargaB: 45/28720
Apariciones Swap: 9596/94949
Apariciones MoverCliente: 19765/148657
Apariciones MoverCliente2: 15/2076
Apariciones CrearRuta: 158629/682552
Apariciones CrearRuta2: 69/3130

Tiempo de ejecución: 424 segundos

------------------------------------------------------------------------------------------------------------