------------------------------------------------------------------------------------------------------------

Solución Greedy:

Función evaluación: 11287.2

Rutas Drone 1: 0 10 0 15 0 13 0 20 0 17 0 21 
Rutas Drone 2: 0 11 8 0 2 7 14 0 9 19 0 5 0 12 0 4 21 
Rutas Drone 3: 0 18 16 3 0 6 1 21 

Tiempos Drone 1: 0 356 711.18 1221.18 1731.18 2048.8 2366.42 2967.64 3568.87 3894.22 4219.56 4219.56 
Tiempos Drone 2: 0 234 622.01 1006.63 1355.81 1495.13 1832 2135.35 2519.11 2650.81 3112.05 3301.22 3490.39 3852.57 4214.74 4560.23 4905.72 
Tiempos Drone 3: 0 446 2494 2918.53 3284.52 3825.98 3927.22 4389.08 

Energias Drone 1: 0 0.09 0.19 0.11 0.22 0.08 0.17 0.14 0.26 0.07 0.15 0 
Energias Drone 2: 0 0.06 0.16 0.25 0.1 0.14 0.18 0.26 0.1 0.14 0.24 0.06 0.12 0.08 0.16 0.1 0.21 
Energias Drone 3: 0 0.12 0.13 0.23 0.26 0.18 0.21 0.26 

Pesos Drone 1: 1.5 0.6 1.5 0 1.5 0.6 1.5 0.2 1.5 0.2 1.5 0 
Pesos Drone 2: 1.5 0.8 0.19 1.5 0.9 0.79 0.49 1.5 0.7 0 1.5 1.1 1.5 0.1 1.5 0.9 0 
Pesos Drone 3: 1.5 0.7 0.39 0.19 1.5 1.3 0.69 0 

------------------------------------------------------------------------------------------------------------

Solución Iterated Local Search:

Función evaluación: 9812.95

Rutas Drone 1: 0 10 0 15 0 14 13 0 3 20 0 21 
Rutas Drone 2: 0 8 2 0 7 19 9 0 12 0 5 4 21 
Rutas Drone 3: 0 18 16 0 17 21 
Rutas Drone 4: 0 11 6 1 21 

Tiempos Drone 1: 0 356 711.18 1221.18 1731.18 2034.54 2156.79 2474.4 2840.4 3145.06 3746.29 3746.29 
Tiempos Drone 2: 0 385 1274 1623.18 1914.84 2136 2267.7 2651.46 3263 3625.17 3814.34 4069 4414.48 
Tiempos Drone 3: 0 446 2494 2958.78 3284.13 3609.47 
Tiempos Drone 4: 0 234 3399 3640 4101.86 

Energias Drone 1: 0 0.09 0.19 0.11 0.22 0.05 0.14 0.2 0.08 0.13 0.19 0.02 
Energias Drone 2: 0 0.14 0.16 0.18 0 0.05 0.13 0.19 0.06 0.1 0.08 0.12 0.17 
Energias Drone 3: 0 0.13 0.16 0.18 0 0.04 
Energias Drone 4: 0 0.13 0.16 0.18 0.19 

Pesos Drone 1: 1.5 0.6 1.5 0 1.5 1.2 0.3 1.5 1.3 0 1.5 0 
Pesos Drone 2: 1.5 0.9 0.29 1.5 1.4 0.79 0 1.5 0.1 1.5 1.1 0.5 0 
Pesos Drone 3: 1.5 0.7 0.39 1.5 0.2 0 
Pesos Drone 4: 1.5 0.8 0.6 0 0 

------------------------------------------------------------------------------------------------------------

Estadísticas:

Iteraciones totales: 1071563

Apariciones BalanceoCargaA1: 2/35091
Apariciones BalanceoCargaA2: 1/35032
Apariciones BalanceoCargaB: 31/70076
Apariciones Swap: 4799/34676
Apariciones MoverCliente: 204597/887652
Apariciones MoverCliente2: 24/1630
Apariciones CrearRuta: 321/5572
Apariciones CrearRuta2: 34/1834

Tiempo de ejecución: 284 segundos

------------------------------------------------------------------------------------------------------------