------------------------------------------------------------------------------------------------------------

Solución Greedy:

Función evaluación: 3661.07

Rutas Drone 1: 0 9 0 7 0 8 0 10 11 
Rutas Drone 2: 0 3 6 1 0 4 2 5 11 

Tiempos Drone 1: 0 776 1114.99 1362.54 1610.08 1823 1975.2 2230.42 2485.64 
Tiempos Drone 2: 0 750 1000 1186.49 1469.33 1560.59 1979 2421 2718.28 

Energias Drone 1: 0 0.09 0.19 0.06 0.13 0.04 0.08 0.06 0.13 
Energias Drone 2: 0 0.05 0.08 0.12 0.19 0.02 0.13 0.16 0.24 

Pesos Drone 1: 1.5 0.7 1.5 0.6 1.5 0.7 1.5 0.39 0 
Pesos Drone 2: 1.5 1.3 0.69 0 1.5 0.9 0.49 0.19 0 

------------------------------------------------------------------------------------------------------------

Solución Iterated Local Search:

Función evaluación: 3189.37

Rutas Drone 1: 0 9 1 0 4 0 6 8 0 2 5 11 
Rutas Drone 2: 0 3 7 0 10 11 

Tiempos Drone 1: 0 776 1169 1451.83 1543.1 1634.36 1736.97 1823 1975.2 2421.68 2572.56 2869.84 
Tiempos Drone 2: 0 750 1205 1452.54 2027 2282.22 

Energias Drone 1: 0 0.09 0.11 0.2 0.02 0.08 0.06 0.1 0.12 0.07 0.1 0.15 
Energias Drone 2: 0 0.05 0.14 0.23 0.02 0.07 

Pesos Drone 1: 1.5 0.7 0 1.5 0.9 1.5 0.9 0 1.5 1.1 0.8 0 
Pesos Drone 2: 1.5 1.3 0.39 1.5 0.39 0 

------------------------------------------------------------------------------------------------------------

Estadísticas:

Iteraciones totales: 934022

Apariciones BalanceoCargaA1: 25/721
Apariciones BalanceoCargaA2: 178/1240
Apariciones BalanceoCargaB: 187/1596
Apariciones Swap: 11344/72327
Apariciones MoverCliente: 172296/732466
Apariciones MoverCliente2: 21/2112
Apariciones CrearRuta: 30378/121764
Apariciones CrearRuta2: 14/1796

Tiempo de ejecución: 358 segundos

------------------------------------------------------------------------------------------------------------