------------------------------------------------------------------------------------------------------------

Solución Greedy:

Función evaluación: 14390.2

Rutas Drone 1: 0 24 0 25 0 30 0 14 0 27 0 29 0 23 0 19 0 13 31 
Rutas Drone 2: 0 11 15 0 17 8 10 0 22 28 9 0 7 3 0 18 5 20 0 2 21 0 1 31 
Rutas Drone 3: 0 4 0 16 12 26 0 6 31 

Tiempos Drone 1: 0 358 715.53 1187 1610.76 1972.37 2333.98 2519.73 2705.47 2825.81 2946.14 3352.38 3758.62 3961.39 4164.15 4410.94 4657.73 4954.79 5251.85 
Tiempos Drone 2: 0 77 545 1079.23 1522.36 1707.15 1892.3 2363.61 2647.62 2990.6 3203.84 3310.84 3665.24 3834.3 4025.26 4209.85 4389.59 4496.97 4592.5 5075.51 5153.61 5561.19 5612.41 5663.64 
Tiempos Drone 3: 0 2081 2656.92 2720.43 3202.86 3591.56 4071.26 4550.7 5030.13 

Energias Drone 1: 0 0.09 0.18 0.09 0.19 0.09 0.18 0.05 0.1 0.03 0.06 0.09 0.19 0.04 0.09 0.06 0.12 0.07 0.15 
Energias Drone 2: 0 0.02 0.14 0.26 0.13 0.17 0.22 0.26 0.09 0.2 0.25 0.26 0.12 0.17 0.24 0.05 0.11 0.14 0.16 0.14 0.16 0.26 0.01 0.03 
Energias Drone 3: 0 0.2 0.26 0.02 0.15 0.24 0.26 0.16 0.26 

Pesos Drone 1: 1.5 0.39 1.5 0 1.5 0.29 1.5 0.7 1.5 0.7 1.5 0.2 1.5 0.1 1.5 0.29 1.5 0.39 0 
Pesos Drone 2: 1.5 1.1 0.5 1.5 0.8 0.4 0 1.5 1.2 1 0.39 1.5 1.3 1.19 1.5 1.1 0.8 0.5 1.5 0.9 0.29 1.5 1 0 
Pesos Drone 3: 1.5 1.4 1.5 1.1 0.6 0.2 1.5 1.4 0 

------------------------------------------------------------------------------------------------------------

Solución Iterated Local Search:

Función evaluación: 13941.3

Rutas Drone 1: 0 24 0 30 0 25 0 14 0 23 0 27 0 29 0 21 0 19 0 13 31 
Rutas Drone 2: 0 11 15 0 17 8 10 0 22 28 9 0 7 3 0 1 31 
Rutas Drone 3: 0 4 0 16 12 26 0 18 6 2 0 5 20 31 

Tiempos Drone 1: 0 358 715.53 1230 1591.61 2015.37 2439.13 2624.88 2810.62 3013.39 3216.15 3336.48 3456.82 3863.06 4269.3 4676.88 5084.46 5331.25 5578.03 5875.09 6172.15 
Tiempos Drone 2: 0 77 545 1079.23 1522.36 1707.15 1892.3 2363.61 2647.62 2990.6 3203.84 3310.84 3665.24 3834.3 4025.26 5449 5500.22 
Tiempos Drone 3: 0 2081 2656.92 2720.43 3202.86 3591.56 4071.26 4255.85 4576.04 4721.64 5204.65 5397.84 5505.22 5600.74 

Energias Drone 1: 0 0.09 0.18 0.07 0.16 0.09 0.17 0.03 0.06 0.05 0.14 0.11 0.22 0.06 0.1 0.12 0.22 0.09 0.15 0.07 0.14 
Energias Drone 2: 0 0.02 0.14 0.26 0.13 0.17 0.22 0.26 0.09 0.2 0.25 0.26 0.12 0.17 0.24 0.01 0.02 
Energias Drone 3: 0 0.2 0.26 0.02 0.15 0.24 0.26 0.04 0.07 0.11 0.2 0.06 0.09 0.11 

Pesos Drone 1: 1.5 0.39 1.5 0.29 1.5 0 1.5 0.7 1.5 0.1 1.5 0.7 1.5 0.2 1.5 0.9 1.5 0.29 1.5 0.39 0 
Pesos Drone 2: 1.5 1.1 0.5 1.5 0.8 0.4 0 1.5 1.2 1 0.39 1.5 1.3 1.19 1.5 1 0 
Pesos Drone 3: 1.5 1.4 1.5 1.1 0.6 0.2 1.5 1.1 1 0.39 1.5 1.2 0.9 0 

------------------------------------------------------------------------------------------------------------

Estadísticas:

Iteraciones totales: 1080465

Apariciones BalanceoCargaA1: 0/43583
Apariciones BalanceoCargaA2: 10/54167
Apariciones BalanceoCargaB: 8/52250
Apariciones Swap: 14818/459079
Apariciones MoverCliente: 64974/360579
Apariciones MoverCliente2: 23/37092
Apariciones CrearRuta: 10/36454
Apariciones CrearRuta2: 25/37261

Tiempo de ejecución: 431 segundos

------------------------------------------------------------------------------------------------------------