------------------------------------------------------------------------------------------------------------

Solución Greedy:

Función evaluación: 20175

Rutas Drone 1: 0 34 0 17 0 40 0 20 0 37 0 23 0 32 0 12 36 0 24 0 13 38 0 41 
Rutas Drone 2: 0 35 2 25 0 4 18 0 28 29 22 0 30 33 14 0 15 21 5 0 10 16 1 41 
Rutas Drone 3: 0 27 0 31 9 19 0 39 26 8 0 6 7 0 11 41 
Rutas Drone 4: 0 3 41 

Tiempos Drone 1: 0 109 217.24 682.24 1147.25 1506.49 1865.72 2117.92 2370.12 2590.36 2810.6 3014.62 3218.65 3582.02 3945.39 4390.02 4738.71 5186.39 5477.83 5769.27 6046.92 6194.5 6619.14 6619.14 
Tiempos Drone 2: 0 69 331.17 602.8 1081.51 1512.16 1883.03 2518.25 2691.32 2913.46 3340.28 3785.73 4230.62 4517.69 4732.36 5246.44 5580.87 5822.45 5886.74 6266.36 6678.04 6840.31 7063.74 7460.89 
Tiempos Drone 3: 0 811 1244.26 1632.03 1894.12 2229 2727.77 3172.96 4798 4998 5514.9 5731.5 6175.83 6825.83 7161.51 7497.19 
Tiempos Drone 4: 0 5467 5771.94 

Energias Drone 1: 0 0.02 0.05 0.1 0.2 0.1 0.21 0.06 0.12 0.05 0.1 0.05 0.1 0.08 0.16 0.13 0.21 0.26 0.07 0.15 0.08 0.11 0.21 0 
Energias Drone 2: 0 0.02 0.1 0.18 0.26 0.13 0.24 0.26 0.05 0.11 0.22 0.26 0.13 0.2 0.25 0.26 0.11 0.18 0.2 0.26 0.12 0.17 0.22 0.26 
Energias Drone 3: 0 0.11 0.22 0.11 0.18 0.25 0.26 0.13 0.14 0.19 0.26 0.07 0.19 0.26 0.1 0.2 
Energias Drone 4: 0 0.09 0.18 

Pesos Drone 1: 1.5 0.6 1.5 0 1.5 0.8 1.5 0.29 1.5 0.1 1.5 0.5 1.5 0 1.5 0.8 0.1 1.5 0.5 1.5 0.8 0 1.5 0 
Pesos Drone 2: 1.5 1.2 1.1 0.5 1.5 1 0.7 1.5 1.1 0.7 0.3 1.5 0.8 0.5 0 1.5 1.2 0.9 0.3 1.5 0.9 0.79 0.29 1.5 
Pesos Drone 3: 1.5 0.39 1.5 0.8 0.6 0.1 1.5 0.9 0.79 0.39 1.5 1.2 0.6 1.5 0.9 0 
Pesos Drone 4: 1.5 0.8 0 

------------------------------------------------------------------------------------------------------------

Solución Iterated Local Search:

Función evaluación: 18088.7

Rutas Drone 1: 0 40 0 34 0 17 0 20 0 37 0 23 0 32 0 15 33 36 0 24 0 38 13 0 41 
Rutas Drone 2: 0 35 2 25 0 4 18 0 28 30 29 0 22 14 0 16 10 7 41 
Rutas Drone 3: 0 9 27 0 31 19 0 39 26 0 6 11 41 
Rutas Drone 4: 0 12 8 0 21 5 0 3 1 41 

Tiempos Drone 1: 0 762 1121.23 1229.47 1337.71 1802.72 2267.73 2519.93 2772.13 2992.36 3212.6 3416.63 3620.65 3984.02 4347.4 4681.83 4743.45 4914.68 5362.37 5653.81 5945.25 6369.88 6517.46 6795.12 6795.12 
Tiempos Drone 2: 0 69 331.17 602.8 1081.51 1512.16 1883.03 2518.25 2691.32 2966.19 3096 3465.96 3911.41 4092.75 4606.83 5601 5763.27 6005.34 6655.34 
Tiempos Drone 3: 0 1146 1383 1816.27 2204.04 2316.33 2815.11 3260.3 4798 5283.67 5500.27 6383 6718.68 
Tiempos Drone 4: 0 3926 4998 5514.9 5921.64 5985.93 6365.54 6670.49 6829.58 7226.72 

Energias Drone 1: 0 0.11 0.15 0.07 0.1 0.11 0.15 0.11 0.15 0.05 0.11 0.04 0.12 0.05 0.11 0.08 0.12 0.17 0.23 0.03 0.12 0.11 0.13 0.19 0.07 
Energias Drone 2: 0 0.02 0.1 0.18 0.26 0.13 0.24 0.26 0.06 0.12 0.18 0.22 0.11 0.18 0.24 0.09 0.12 0.18 0.23 
Energias Drone 3: 0 0.13 0.18 0.24 0.03 0.16 0.2 0.13 0.19 0.24 0.09 0.14 0.22 
Energias Drone 4: 0 0.11 0.16 0.22 0.04 0.18 0.22 0.13 0.18 0.23 

Pesos Drone 1: 1.5 0.8 1.5 0.6 1.5 0 1.5 0.29 1.5 0.1 1.5 0.5 1.5 0 1.5 1.2 0.9 0.2 1.5 0.5 1.5 0.7 0 1.5 0 
Pesos Drone 2: 1.5 1.2 1.1 0.5 1.5 1 0.7 1.5 1.1 0.4 0 1.5 1.1 0.6 1.5 1.4 0.79 0.19 0 
Pesos Drone 3: 1.5 1.3 0.19 1.5 0.8 0.3 1.5 0.9 0.79 1.5 1.2 0.6 0 
Pesos Drone 4: 1.5 0.8 0.4 1.5 1.2 0.6 1.5 0.8 0.3 0 

------------------------------------------------------------------------------------------------------------

Estadísticas:

Iteraciones totales: 1080465

Apariciones BalanceoCargaA1: 0/42768
Apariciones BalanceoCargaA2: 12/49700
Apariciones BalanceoCargaB: 21/57532
Apariciones Swap: 9279/110966
Apariciones MoverCliente: 123421/739870
Apariciones MoverCliente2: 22/26997
Apariciones CrearRuta: 11/26441
Apariciones CrearRuta2: 14/26191

Tiempo de ejecución: 496 segundos

------------------------------------------------------------------------------------------------------------