------------------------------------------------------------------------------------------------------------

Solución Greedy:

Función evaluación: 24047.4

Rutas Drone 1: 0 23 0 12 0 27 0 36 0 1 0 32 0 41 0 39 0 31 0 29 0 46 
Rutas Drone 2: 0 7 3 30 0 4 0 24 14 0 35 13 25 0 8 38 16 0 15 0 10 9 0 37 0 44 0 22 46 
Rutas Drone 3: 0 2 43 0 40 45 11 0 34 0 19 28 33 0 21 18 0 6 46 
Rutas Drone 4: 0 5 26 17 0 20 42 46 

Tiempos Drone 1: 0 214 427.02 937.24 1447.46 2045.61 2643.76 2886.29 3128.81 3574.13 4019.44 4399.33 4779.21 5284.33 5789.44 6165.59 6541.73 7023.98 7506.23 7804.51 8102.8 8102.8 
Tiempos Drone 2: 0 218 346 526.33 969.59 1451.93 1934.28 2353.59 2625.31 2827.38 3046.04 3187.2 3631.86 4090.49 4343.26 4630.57 4858.58 5312.9 5791.56 6270.21 6629.43 6845.88 7320.92 7415.29 7509.66 7817.53 8125.41 8144.01 8162.61 
Tiempos Drone 3: 0 1089 1525.6 1974.76 2248.35 3207 4002 4186.1 4737.13 5288.17 5707.4 6024.45 6191.49 6367.26 6782.27 7244 7650.51 7811.93 7973.35 
Tiempos Drone 4: 0 1505 6619 6709.07 7147.01 7421.56 7580.37 7741.59 

Energias Drone 1: 0 0.05 0.11 0.15 0.26 0.14 0.26 0.06 0.12 0.13 0.26 0.09 0.19 0.12 0.24 0.1 0.2 0.14 0.26 0.06 0.13 0 
Energias Drone 2: 0 0.07 0.11 0.16 0.26 0.16 0.26 0.13 0.21 0.26 0.07 0.12 0.25 0.26 0.07 0.15 0.2 0.26 0.16 0.26 0.11 0.18 0.26 0.02 0.04 0.07 0.14 0 0.01 
Energias Drone 3: 0 0.12 0.24 0.26 0.08 0.15 0.2 0.24 0.16 0.26 0.13 0.22 0.26 0.26 0.13 0.26 0.26 0.05 0.11 
Energias Drone 4: 0 0.14 0.19 0.21 0.26 0.09 0.13 0.16 

Pesos Drone 1: 1.5 0.5 1.5 0.8 1.5 0.2 1.5 0.39 1.5 0.8 1.5 0.39 1.5 0.2 1.5 0.5 1.5 0.8 1.5 0.1 1.5 0 
Pesos Drone 2: 1.5 1.3 0.9 0.7 1.5 1.4 1.5 1 0.9 1.5 1.3 1.09 0.89 1.5 0.9 0.49 0.19 1.5 1.3 1.5 1.1 1 1.5 0.2 1.5 0.2 1.5 0.9 0 
Pesos Drone 3: 1.5 0.8 0.5 1.5 0.9 0.29 0 1.5 0.9 1.5 1.2 0.5 0.4 1.5 1.2 0.6 1.5 1.3 1.5 
Pesos Drone 4: 1.5 1.1 1 0.9 1.5 1.4 0 0 

------------------------------------------------------------------------------------------------------------

Solución Iterated Local Search:

Función evaluación: 19163.2

Rutas Drone 1: 0 12 0 23 0 27 0 36 0 1 0 32 0 41 33 0 39 0 31 0 29 0 46 
Rutas Drone 2: 0 7 3 30 0 4 0 35 13 24 14 0 8 0 25 16 15 38 0 10 0 37 0 9 44 0 22 46 
Rutas Drone 3: 0 2 43 0 40 45 0 21 19 28 6 0 18 46 
Rutas Drone 4: 0 5 26 17 0 42 20 46 
Rutas Drone 5: 0 11 34 46 

Tiempos Drone 1: 0 511 1021.22 1234.24 1447.27 2045.42 2643.56 2886.09 3128.62 3573.93 4019.25 4399.13 4779.02 5284.13 5630.58 5806.34 6182.49 6558.63 7040.88 7523.13 7821.42 8119.7 8119.7 
Tiempos Drone 2: 0 218 346 526.33 969.59 1451.93 1934.28 2293 2434.15 2494.82 2766.54 2968.61 3221.38 3474.15 3932.78 4105.19 4192.42 4375.14 4737.64 5096.85 5456.06 5710 5804.36 6279.41 6469.67 6777.55 6796.15 6814.75 
Tiempos Drone 3: 0 1089 1525.6 1974.76 2248.35 3207 3505.88 5951 5962.7 6279.74 6462.68 6624.1 7030.61 7437.12 
Tiempos Drone 4: 0 1505 6619 6709.07 7147.01 7308.23 7467.03 7741.59 
Tiempos Drone 5: 0 4002 4408.21 4959.25 

Energias Drone 1: 0 0.13 0.15 0.04 0.1 0.12 0.2 0.01 0.04 0.06 0.11 0.05 0.13 0.08 0.13 0.19 0.02 0.06 0.01 0.11 0.1 0.19 0.09 
Energias Drone 2: 0 0.07 0.09 0.14 0.2 0.18 0.26 0.02 0.06 0.12 0.17 0.22 0.1 0.18 0.07 0.16 0.18 0.23 0.24 0.14 0.24 0.1 0.19 0.06 0.15 0.25 0.1 0.17 
Energias Drone 3: 0 0.12 0.24 0.26 0.08 0.15 0.23 0.02 0.05 0.11 0.15 0.2 0.1 0.18 
Energias Drone 4: 0 0.14 0.19 0.21 0.26 0.12 0.2 0.21 
Energias Drone 5: 0 0.15 0.17 0.21 

Pesos Drone 1: 1.5 0.8 1.5 0.5 1.5 0.2 1.5 0.39 1.5 0.8 1.5 0.39 1.5 0.2 0.1 1.5 0.5 1.5 0.8 1.5 0.1 1.5 0 
Pesos Drone 2: 1.5 1.3 0.9 0.7 1.5 1.4 1.5 1.3 1.09 0.59 0.49 1.5 0.9 1.5 1.3 0.99 0.79 0.39 1.5 1.1 1.5 0.2 1.5 1.4 0.1 1.5 0.9 0 
Pesos Drone 3: 1.5 0.8 0.5 1.5 0.9 0.29 1.5 1.2 0.9 0.2 0 1.5 0.9 0 
Pesos Drone 4: 1.5 1.1 1 0.9 1.5 0.1 0 0 
Pesos Drone 5: 1.5 1.3 0.69 0 

------------------------------------------------------------------------------------------------------------

Estadísticas:

Iteraciones totales: 1080465

Apariciones BalanceoCargaA1: 0/49500
Apariciones BalanceoCargaA2: 0/49445
Apariciones BalanceoCargaB: 0/51055
Apariciones Swap: 783/130980
Apariciones MoverCliente: 22328/434968
Apariciones MoverCliente2: 13/121126
Apariciones CrearRuta: 55/122937
Apariciones CrearRuta2: 2/120454

Tiempo de ejecución: 513 segundos

------------------------------------------------------------------------------------------------------------