------------------------------------------------------------------------------------------------------------

Solución Greedy:

Función evaluación: 14390.2

Rutas Drone 1: 0 24 0 25 0 30 0 14 0 27 0 29 0 23 0 19 0 13 31 
Rutas Drone 2: 0 11 15 0 17 8 10 0 22 28 9 0 7 3 0 18 5 20 0 2 21 0 1 31 
Rutas Drone 3: 0 4 0 16 12 26 0 6 31 

Tiempos Drone 1: 0 358 715.53 1187 1610.76 1972.37 2333.98 2519.73 2705.47 2825.81 2946.14 3352.38 3758.62 3961.39 4164.15 4410.94 4657.73 4954.79 5251.85 
Tiempos Drone 2: 0 77 545 1079.23 1522.36 1707.15 1892.3 2363.61 2647.62 2990.6 3203.84 3310.84 3665.24 3834.3 4025.26 4209.85 4389.59 4496.97 4592.5 5075.51 5153.61 5561.19 5612.41 5663.64 
Tiempos Drone 3: 0 2081 2656.92 2720.43 3202.86 3591.56 4071.26 4550.7 5030.13 

Energias Drone 1: 0 0.09 0.18 0.09 0.19 0.09 0.18 0.05 0.1 0.03 0.06 0.09 0.19 0.04 0.09 0.06 0.12 0.07 0.15 
Energias Drone 2: 0 0.02 0.14 0.26 0.13 0.17 0.22 0.26 0.09 0.2 0.25 0.26 0.12 0.17 0.24 0.05 0.11 0.14 0.16 0.14 0.16 0.26 0.01 0.03 
Energias Drone 3: 0 0.2 0.26 0.02 0.15 0.24 0.26 0.16 0.26 

Pesos Drone 1: 1.5 0.39 1.5 0 1.5 0.29 1.5 0.7 1.5 0.7 1.5 0.2 1.5 0.1 1.5 0.29 1.5 0.39 0 
Pesos Drone 2: 1.5 1.1 0.5 1.5 0.8 0.4 0 1.5 1.2 1 0.39 1.5 1.3 1.19 1.5 1.1 0.8 0.5 1.5 0.9 0.29 1.5 1 0 
Pesos Drone 3: 1.5 1.4 1.5 1.1 0.6 0.2 1.5 1.4 0 

------------------------------------------------------------------------------------------------------------

Solución Iterated Local Search:

Función evaluación: 7016.87

Rutas Drone 1: 0 24 0 30 0 25 0 12 4 6 0 13 31 
Rutas Drone 2: 0 15 17 0 11 0 8 14 31 
Rutas Drone 3: 0 26 16 0 19 5 0 18 1 31 
Rutas Drone 4: 0 28 9 0 22 27 3 0 21 31 
Rutas Drone 5: 0 10 0 23 0 29 7 0 20 2 31 

Tiempos Drone 1: 0 358 715.53 1230 1591.61 2015.37 2439.13 2984.84 3042.54 4079 4558.43 4929 5226.05 
Tiempos Drone 2: 0 545 692.31 1135.43 1211.59 1287.75 1587.62 1755.39 1941.13 
Tiempos Drone 3: 0 3057 3497.22 3560.73 3807.52 4027 4220.18 4404.77 5449 5500.22 
Tiempos Drone 4: 0 1993 2206.23 2313.23 2597.24 2834.26 2941.46 3132.43 4345 4752.57 
Tiempos Drone 5: 0 1713 2184.3 2894 3096.76 3503 3735.57 4089.97 4185.5 4573.24 5056.25 

Energias Drone 1: 0 0.09 0.17 0.07 0.16 0.09 0.17 0.04 0.07 0.14 0.23 0.1 0.2 
Energias Drone 2: 0 0.01 0.12 0.19 0.12 0.22 0.1 0.14 0.16 
Energias Drone 3: 0 0.01 0.14 0.21 0.09 0.19 0.26 0.04 0.07 0.12 
Energias Drone 4: 0 0.1 0.17 0.19 0.09 0.15 0.18 0.22 0.12 0.21 
Energias Drone 5: 0 0.01 0.12 0.04 0.09 0.09 0.15 0.22 0.03 0.13 0.24 

Pesos Drone 1: 1.5 0.39 1.5 0.29 1.5 0 1.5 1 0.9 0.79 1.5 0.39 0 
Pesos Drone 2: 1.5 0.9 0.19 1.5 1.1 1.5 1.1 0.3 0 
Pesos Drone 3: 1.5 1.1 0.7 1.5 0.29 0 1.5 1.1 0.6 0 
Pesos Drone 4: 1.5 1.3 0.69 1.5 1.2 0.4 0.3 1.5 0.9 0 
Pesos Drone 5: 1.5 1.1 1.5 0.1 1.5 0.2 0 1.5 1.2 0.6 0 

------------------------------------------------------------------------------------------------------------

Estadísticas:

Iteraciones totales: 1066471

Apariciones BalanceoCargaA1: 4/42638
Apariciones BalanceoCargaA2: 24/45673
Apariciones BalanceoCargaB: 25/47695
Apariciones Swap: 5286/106919
Apariciones MoverCliente: 108973/689522
Apariciones MoverCliente2: 9/25906
Apariciones CrearRuta: 3822/82089
Apariciones CrearRuta2: 9/26029

Tiempo de ejecución: 479 segundos

------------------------------------------------------------------------------------------------------------