------------------------------------------------------------------------------------------------------------

Solución Greedy:

Función evaluación: 3661.07

Rutas Drone 1: 0 9 0 7 0 8 0 10 11 
Rutas Drone 2: 0 3 6 1 0 4 2 5 11 

Tiempos Drone 1: 0 776 1114.99 1362.54 1610.08 1823 1975.2 2230.42 2485.64 
Tiempos Drone 2: 0 750 1000 1186.49 1469.33 1560.59 1979 2421 2718.28 

Energias Drone 1: 0 0.09 0.19 0.06 0.13 0.04 0.08 0.06 0.13 
Energias Drone 2: 0 0.05 0.08 0.12 0.19 0.02 0.13 0.16 0.24 

Pesos Drone 1: 1.5 0.7 1.5 0.6 1.5 0.7 1.5 0.39 0 
Pesos Drone 2: 1.5 1.3 0.69 0 1.5 0.9 0.49 0.19 0 

------------------------------------------------------------------------------------------------------------

Solución Iterated Local Search:

Función evaluación: 2975.32

Rutas Drone 1: 0 6 3 4 0 8 2 5 11 
Rutas Drone 2: 0 9 1 0 7 0 10 11 

Tiempos Drone 1: 0 1000 1103.09 1451 1542.26 1823 2128.36 2421 2718.28 
Tiempos Drone 2: 0 776 1169 1451.83 1699.37 1946.92 2202.14 2457.36 

Energias Drone 1: 0 0.03 0.06 0.15 0.17 0.07 0.12 0.16 0.18 
Energias Drone 2: 0 0.09 0.11 0.17 0.06 0.12 0.05 0.09 

Pesos Drone 1: 1.5 0.9 0.7 0 1.5 0.7 0.29 0 0 
Pesos Drone 2: 1.5 0.7 0 1.5 0.6 1.5 0.39 0 

------------------------------------------------------------------------------------------------------------

Estadísticas:

Iteraciones totales: 932963

Apariciones BalanceoCargaA1: 42/481
Apariciones BalanceoCargaA2: 159/872
Apariciones BalanceoCargaB: 189/1145
Apariciones Swap: 5483/33359
Apariciones MoverCliente: 249734/802213
Apariciones MoverCliente2: 34/1875
Apariciones CrearRuta: 26972/91673
Apariciones CrearRuta2: 6/1345

Tiempo de ejecución: 276 segundos

------------------------------------------------------------------------------------------------------------