------------------------------------------------------------------------------------------------------------

Solución Greedy:

Función evaluación: 24047.4

Rutas Drone 1: 0 23 0 12 0 27 0 36 0 1 0 32 0 41 0 39 0 31 0 29 0 46 
Rutas Drone 2: 0 7 3 30 0 4 0 24 14 0 35 13 25 0 8 38 16 0 15 0 10 9 0 37 0 44 0 22 46 
Rutas Drone 3: 0 2 43 0 40 45 11 0 34 0 19 28 33 0 21 18 0 6 46 
Rutas Drone 4: 0 5 26 17 0 20 42 46 

Tiempos Drone 1: 0 214 427.02 937.24 1447.46 2045.61 2643.76 2886.29 3128.81 3574.13 4019.44 4399.33 4779.21 5284.33 5789.44 6165.59 6541.73 7023.98 7506.23 7804.51 8102.8 8102.8 
Tiempos Drone 2: 0 218 346 526.33 969.59 1451.93 1934.28 2353.59 2625.31 2827.38 3046.04 3187.2 3631.86 4090.49 4343.26 4630.57 4858.58 5312.9 5791.56 6270.21 6629.43 6845.88 7320.92 7415.29 7509.66 7817.53 8125.41 8144.01 8162.61 
Tiempos Drone 3: 0 1089 1525.6 1974.76 2248.35 3207 4002 4186.1 4737.13 5288.17 5707.4 6024.45 6191.49 6367.26 6782.27 7244 7650.51 7811.93 7973.35 
Tiempos Drone 4: 0 1505 6619 6709.07 7147.01 7421.56 7580.37 7741.59 

Energias Drone 1: 0 0.05 0.11 0.15 0.26 0.14 0.26 0.06 0.12 0.13 0.26 0.09 0.19 0.12 0.24 0.1 0.2 0.14 0.26 0.06 0.13 0 
Energias Drone 2: 0 0.07 0.11 0.16 0.26 0.16 0.26 0.13 0.21 0.26 0.07 0.12 0.25 0.26 0.07 0.15 0.2 0.26 0.16 0.26 0.11 0.18 0.26 0.02 0.04 0.07 0.14 0 0.01 
Energias Drone 3: 0 0.12 0.24 0.26 0.08 0.15 0.2 0.24 0.16 0.26 0.13 0.22 0.26 0.26 0.13 0.26 0.26 0.05 0.11 
Energias Drone 4: 0 0.14 0.19 0.21 0.26 0.09 0.13 0.16 

Pesos Drone 1: 1.5 0.5 1.5 0.8 1.5 0.2 1.5 0.39 1.5 0.8 1.5 0.39 1.5 0.2 1.5 0.5 1.5 0.8 1.5 0.1 1.5 0 
Pesos Drone 2: 1.5 1.3 0.9 0.7 1.5 1.4 1.5 1 0.9 1.5 1.3 1.09 0.89 1.5 0.9 0.49 0.19 1.5 1.3 1.5 1.1 1 1.5 0.2 1.5 0.2 1.5 0.9 0 
Pesos Drone 3: 1.5 0.8 0.5 1.5 0.9 0.29 0 1.5 0.9 1.5 1.2 0.5 0.4 1.5 1.2 0.6 1.5 1.3 1.5 
Pesos Drone 4: 1.5 1.1 1 0.9 1.5 1.4 0 0 

------------------------------------------------------------------------------------------------------------

Solución Iterated Local Search:

Función evaluación: 19633.8

Rutas Drone 1: 0 23 0 12 0 27 0 36 0 1 8 0 15 41 0 32 0 19 39 0 29 0 46 
Rutas Drone 2: 0 7 3 30 0 14 0 35 13 38 25 0 44 26 46 
Rutas Drone 3: 0 40 4 2 0 43 0 28 10 11 33 0 34 18 0 37 6 46 
Rutas Drone 4: 0 24 5 16 0 42 17 46 
Rutas Drone 5: 0 31 9 0 22 46 
Rutas Drone 6: 0 45 20 21 46 

Tiempos Drone 1: 0 214 427.02 937.24 1447.46 2045.61 2643.76 2886.29 3128.81 3574.13 3767.11 4019.88 4498.54 4557.06 5062.18 5442.06 5821.95 6241.18 6421.48 6797.62 7095.9 7394.19 7394.19 
Tiempos Drone 2: 0 218 346 526.33 969.59 1171.66 1373.73 2293 2434.15 2953 3320.49 3779.12 6155 6619 6966.95 
Tiempos Drone 3: 0 1286 1501.87 1614.35 2050.05 2499.21 2948.37 4929 4970.01 5190.52 5340.59 5516.36 6067.39 6300.34 6706.85 6801.22 6876.4 7037.82 
Tiempos Drone 4: 0 682 1505 2984 3438.31 6954 7245.29 7683.22 
Tiempos Drone 5: 0 5427 5549 6024.04 6623 6641.6 
Tiempos Drone 6: 0 3207 6938 7373.4 7788.41 

Energias Drone 1: 0 0.11 0.13 0.04 0.1 0.12 0.2 0.01 0.04 0.06 0.11 0.16 0.11 0.19 0.24 0.07 0.09 0.06 0.07 0.17 0.1 0.19 0.09 
Energias Drone 2: 0 0.07 0.09 0.14 0.2 0.18 0.26 0.02 0.06 0.12 0.18 0.23 0.08 0.16 0.21 
Energias Drone 3: 0 0.13 0.15 0.19 0.25 0.17 0.25 0.01 0.04 0.1 0.15 0.2 0.1 0.19 0.24 0.06 0.08 0.13 
Energias Drone 4: 0 0.13 0.16 0.2 0.26 0.12 0.2 0.21 
Energias Drone 5: 0 0.13 0.15 0.19 0.08 0.2 
Energias Drone 6: 0 0.13 0.15 0.2 0.26 

Pesos Drone 1: 1.5 0.5 1.5 0.8 1.5 0.2 1.5 0.39 1.5 0.8 0.19 1.5 1.3 0 1.5 0.39 1.5 1.2 0.2 1.5 0.1 1.5 0 
Pesos Drone 2: 1.5 1.3 0.9 0.7 1.5 1.4 1.5 1.3 1.09 0.69 0.49 1.5 0.2 0.1 0 
Pesos Drone 3: 1.5 0.9 0.79 0 1.5 1.2 1.5 0.8 0.4 0.2 0.1 1.5 0.9 0.29 1.5 0.2 0 0 
Pesos Drone 4: 1.5 1 0.6 0.3 1.5 0.1 0 0 
Pesos Drone 5: 1.5 0.8 0.7 1.5 0.9 0 
Pesos Drone 6: 1.5 0.9 0.79 0.49 0 

------------------------------------------------------------------------------------------------------------

Estadísticas:

Iteraciones totales: 949012

Apariciones BalanceoCargaA1: 0/4557
Apariciones BalanceoCargaA2: 11/4751
Apariciones BalanceoCargaB: 45/7100
Apariciones Swap: 12088/70230
Apariciones MoverCliente: 249208/852967
Apariciones MoverCliente2: 52/2017
Apariciones CrearRuta: 220/5796
Apariciones CrearRuta2: 22/1594

Tiempo de ejecución: 326 segundos

------------------------------------------------------------------------------------------------------------