------------------------------------------------------------------------------------------------------------

Solución Greedy:

Función evaluación: 18309.3

Rutas Drone 1: 0 18 24 0 16 0 17 0 29 0 20 0 21 0 36 
Rutas Drone 2: 0 7 14 0 6 9 0 25 11 26 13 0 10 23 0 5 15 31 0 30 22 2 0 4 36 
Rutas Drone 3: 0 1 12 0 35 32 27 0 28 3 19 0 34 0 8 36 
Rutas Drone 4: 0 33 36 

Tiempos Drone 1: 0 228 1273 1479.4 2294 2615.05 3113 3503.59 3981.68 4459.77 5312 5818.57 6276.94 6735.31 6735.31 
Tiempos Drone 2: 0 456 782.97 1037.46 1609.45 1881.85 2181.44 2388.6 2656.96 2841.35 3122.28 3558.9 4126.51 4339.45 4780.58 5192.46 5250.16 5574.8 5621.66 5629.27 5835.05 6165.11 6579.38 7026.16 7472.94 
Tiempos Drone 3: 0 807 1143.43 1578.32 2212 2254 2593.88 3040.03 3644 4245 5414 5794.46 6264.55 6734.64 6919.84 7105.03 
Tiempos Drone 4: 0 5885 6360.74 

Energias Drone 1: 0 0.06 0.08 0.13 0.07 0.15 0.1 0.2 0.13 0.26 0.14 0.26 0.11 0.22 0 
Energias Drone 2: 0 0.15 0.25 0.26 0.18 0.26 0.26 0.06 0.13 0.18 0.24 0.26 0.19 0.26 0.26 0.12 0.14 0.22 0.23 0 0.05 0.13 0.22 0.14 0.26 
Energias Drone 3: 0 0.16 0.25 0.26 0.16 0.17 0.25 0.26 0.16 0.17 0.21 0.26 0.14 0.26 0.06 0.12 
Energias Drone 4: 0 0.11 0.22 

Pesos Drone 1: 1.5 0.8 0.1 1.5 0.2 1.5 0.5 1.5 0.6 1.5 0.6 1.5 0.2 1.5 0 
Pesos Drone 2: 1.5 1.2 1 1.5 1.1 0.8 1.5 1 0.39 0.29 0 1.5 1.3 1.09 1.5 0.9 0.59 0.29 1.5 0.9 0.39 0 1.5 1.2 1.5 
Pesos Drone 3: 1.5 1 0.6 1.5 1.3 0.69 0.29 1.5 0.6 0.4 0 1.5 1 1.5 1.3 0 
Pesos Drone 4: 1.5 0.1 0 

------------------------------------------------------------------------------------------------------------

Solución Iterated Local Search:

Función evaluación: 15182.8

Rutas Drone 1: 0 18 24 0 26 16 0 29 13 0 17 22 0 21 0 31 0 20 34 0 36 
Rutas Drone 2: 0 14 0 11 6 9 0 7 0 28 10 3 23 0 5 15 2 4 0 30 36 
Rutas Drone 3: 0 12 0 32 35 1 0 27 19 0 8 36 
Rutas Drone 4: 0 33 36 
Rutas Drone 5: 0 25 36 

Tiempos Drone 1: 0 228 1273 1479.4 1856 2294 2615.05 3249 3345.46 3782.07 4172.66 5130 5343.12 5801.49 6259.85 6306.71 6353.58 6860.15 7024.23 7494.32 7494.32 
Tiempos Drone 2: 0 512 766.48 1140.57 1338.61 1611.01 1910.6 2366.29 2821.98 3644 3689.6 4245 4387.14 4828.27 5240.15 5297.85 5597.02 5776 6222.77 6230.39 6238 
Tiempos Drone 3: 0 1044 1478.88 2254 2284.47 2386.03 2909.79 3355.94 5414 5794.46 6677 6862.19 
Tiempos Drone 4: 0 5885 6360.74 
Tiempos Drone 5: 0 903 1110.15 

Energias Drone 1: 0 0.15 0.21 0.24 0.03 0.12 0.21 0.09 0.19 0.23 0.07 0.11 0.14 0.06 0.11 0.08 0.1 0.03 0.08 0.12 0.04 
Energias Drone 2: 0 0.17 0.23 0.03 0.06 0.15 0.24 0.11 0.2 0.04 0.11 0.16 0.19 0.24 0.07 0.14 0.16 0.18 0.23 0.05 0.1 
Energias Drone 3: 0 0.16 0.22 0.03 0.06 0.15 0.24 0.11 0.22 0.26 0.09 0.13 
Energias Drone 4: 0 0.12 0.18 
Energias Drone 5: 0 0.16 0.22 

Pesos Drone 1: 1.5 0.8 0.1 1.5 1.4 0.1 1.5 0.6 0.3 1.5 0.5 0 1.5 0.2 1.5 1.2 1.5 0.6 0.1 1.5 0 
Pesos Drone 2: 1.5 1.3 1.5 0.9 0.49 0.19 1.5 1.2 1.5 0.6 0.4 0.2 0 1.5 0.9 0.59 0.29 0 1.5 0.9 0 
Pesos Drone 3: 1.5 1.1 1.5 0.9 0.7 0.19 1.5 1.1 0.7 1.5 1.3 0 
Pesos Drone 4: 1.5 0.1 0 
Pesos Drone 5: 1.5 1 0 

------------------------------------------------------------------------------------------------------------

Estadísticas:

Iteraciones totales: 934043

Apariciones BalanceoCargaA1: 0/475
Apariciones BalanceoCargaA2: 10/452
Apariciones BalanceoCargaB: 50/512
Apariciones Swap: 44638/330434
Apariciones MoverCliente: 26196/228508
Apariciones MoverCliente2: 48/3610
Apariciones CrearRuta: 62898/363207
Apariciones CrearRuta2: 336/6845

Tiempo de ejecución: 302 segundos

------------------------------------------------------------------------------------------------------------