------------------------------------------------------------------------------------------------------------

Solución Greedy:

Función evaluación: 8643.12

Rutas Drone 1: 0 8 0 13 0 7 0 11 16 
Rutas Drone 2: 0 5 2 1 0 15 4 0 6 3 0 10 9 16 
Rutas Drone 3: 0 12 14 16 

Tiempos Drone 1: 0 323 645.44 1116.51 1587.58 1838.87 2090.15 2453.74 2817.33 
Tiempos Drone 2: 0 183 411 642.13 1127.55 1571.55 1776.96 2219.07 2535.46 3233 3785.27 4184 4579 5192.69 
Tiempos Drone 3: 0 1029 1602 2162.29 

Energias Drone 1: 0 0.07 0.14 0.12 0.24 0.06 0.13 0.08 0.17 
Energias Drone 2: 0 0.06 0.12 0.19 0.26 0.13 0.18 0.26 0.1 0.2 0.26 0.09 0.19 0.34 
Energias Drone 3: 0 0.11 0.16 0.26 

Pesos Drone 1: 1.5 0 1.5 0.39 1.5 0.5 1.5 0.2 0 
Pesos Drone 2: 1.5 1.3 0.69 0.59 1.5 0.8 0.19 1.5 1.1 0.9 1.5 1.2 0.3 0 
Pesos Drone 3: 1.5 1 0.5 0 

------------------------------------------------------------------------------------------------------------

Solución Iterated Local Search:

Función evaluación: 7564.07

Rutas Drone 1: 0 8 0 13 0 7 6 0 11 16 
Rutas Drone 2: 0 2 5 0 4 15 1 0 3 9 10 16 
Rutas Drone 3: 0 12 14 16 

Tiempos Drone 1: 0 323 645.44 1116.51 1587.58 1838.87 2167 2483.39 2846.98 3210.57 
Tiempos Drone 2: 0 411 638.68 821.66 1263.77 1469.18 1635.48 2120.89 3233 4232 4627 4906.5 
Tiempos Drone 3: 0 1029 1602 2162.29 

Energias Drone 1: 0 0.07 0.14 0.12 0.24 0.07 0.11 0.15 0.02 0.09 
Energias Drone 2: 0 0.14 0.21 0.24 0.06 0.12 0.16 0.21 0.03 0.11 0.2 0.24 
Energias Drone 3: 0 0.15 0.21 0.24 

Pesos Drone 1: 1.5 0 1.5 0.39 1.5 0.5 0 1.5 0.2 0 
Pesos Drone 2: 1.5 0.9 0.7 1.5 0.9 0.19 0 1.5 1.3 0.39 0 0 
Pesos Drone 3: 1.5 1 0.5 0 

------------------------------------------------------------------------------------------------------------

Estadísticas:

Iteraciones totales: 1082077

Apariciones BalanceoCargaA1: 0/49582
Apariciones BalanceoCargaA2: 0/49308
Apariciones BalanceoCargaB: 0/51110
Apariciones Swap: 34654/89002
Apariciones MoverCliente: 471961/841161
Apariciones MoverCliente2: 6/681
Apariciones CrearRuta: 5/681
Apariciones CrearRuta2: 0/552

Tiempo de ejecución: 304 segundos

------------------------------------------------------------------------------------------------------------