------------------------------------------------------------------------------------------------------------

Solución Greedy:

Función evaluación: 3661.07

Rutas Drone 1: 0 9 0 7 0 8 0 10 11 
Rutas Drone 2: 0 3 6 1 0 4 2 5 11 

Tiempos Drone 1: 0 776 1114.99 1362.54 1610.08 1823 1975.2 2230.42 2485.64 
Tiempos Drone 2: 0 750 1000 1186.49 1469.33 1560.59 1979 2421 2718.28 

Energias Drone 1: 0 0.09 0.19 0.06 0.13 0.04 0.08 0.06 0.13 
Energias Drone 2: 0 0.05 0.08 0.12 0.19 0.02 0.13 0.16 0.24 

Pesos Drone 1: 1.5 0.7 1.5 0.6 1.5 0.7 1.5 0.39 0 
Pesos Drone 2: 1.5 1.3 0.69 0 1.5 0.9 0.49 0.19 0 

------------------------------------------------------------------------------------------------------------

Solución Iterated Local Search:

Función evaluación: 3201.61

Rutas Drone 1: 0 1 9 0 6 8 0 4 0 5 10 11 
Rutas Drone 2: 0 3 0 7 2 11 

Tiempos Drone 1: 0 1169 1228.2 1567.2 1669.81 1823 1975.2 2066.46 2157.72 2455.01 2677.04 2932.26 
Tiempos Drone 2: 0 750 918.29 1205 1979 2425.48 

Energias Drone 1: 0 0.08 0.15 0.25 0.02 0.08 0.13 0.04 0.06 0.07 0.09 0.15 
Energias Drone 2: 0 0.09 0.17 0.11 0.13 0.19 

Pesos Drone 1: 1.5 0.8 0 1.5 0.9 0 1.5 0.9 1.5 1.2 0.1 0 
Pesos Drone 2: 1.5 1.3 1.5 0.6 0.2 0 

------------------------------------------------------------------------------------------------------------

Estadísticas:

Iteraciones totales: 934410

Apariciones BalanceoCargaA1: 8/452
Apariciones BalanceoCargaA2: 104/1030
Apariciones BalanceoCargaB: 98/851
Apariciones Swap: 4829/46414
Apariciones MoverCliente: 117404/513623
Apariciones MoverCliente2: 27/2489
Apariciones CrearRuta: 54749/367547
Apariciones CrearRuta2: 15/2004

Tiempo de ejecución: 239 segundos

------------------------------------------------------------------------------------------------------------