------------------------------------------------------------------------------------------------------------

Solución Greedy:

Función evaluación: 20175

Rutas Drone 1: 0 34 0 17 0 40 0 20 0 37 0 23 0 32 0 12 36 0 24 0 13 38 0 41 
Rutas Drone 2: 0 35 2 25 0 4 18 0 28 29 22 0 30 33 14 0 15 21 5 0 10 16 1 41 
Rutas Drone 3: 0 27 0 31 9 19 0 39 26 8 0 6 7 0 11 41 
Rutas Drone 4: 0 3 41 

Tiempos Drone 1: 0 109 217.24 682.24 1147.25 1506.49 1865.72 2117.92 2370.12 2590.36 2810.6 3014.62 3218.65 3582.02 3945.39 4390.02 4738.71 5186.39 5477.83 5769.27 6046.92 6194.5 6619.14 6619.14 
Tiempos Drone 2: 0 69 331.17 602.8 1081.51 1512.16 1883.03 2518.25 2691.32 2913.46 3340.28 3785.73 4230.62 4517.69 4732.36 5246.44 5580.87 5822.45 5886.74 6266.36 6678.04 6840.31 7063.74 7460.89 
Tiempos Drone 3: 0 811 1244.26 1632.03 1894.12 2229 2727.77 3172.96 4798 4998 5514.9 5731.5 6175.83 6825.83 7161.51 7497.19 
Tiempos Drone 4: 0 5467 5771.94 

Energias Drone 1: 0 0.02 0.05 0.1 0.2 0.1 0.21 0.06 0.12 0.05 0.1 0.05 0.1 0.08 0.16 0.13 0.21 0.26 0.07 0.15 0.08 0.11 0.21 0 
Energias Drone 2: 0 0.02 0.1 0.18 0.26 0.13 0.24 0.26 0.05 0.11 0.22 0.26 0.13 0.2 0.25 0.26 0.11 0.18 0.2 0.26 0.12 0.17 0.22 0.26 
Energias Drone 3: 0 0.11 0.22 0.11 0.18 0.25 0.26 0.13 0.14 0.19 0.26 0.07 0.19 0.26 0.1 0.2 
Energias Drone 4: 0 0.09 0.18 

Pesos Drone 1: 1.5 0.6 1.5 0 1.5 0.8 1.5 0.29 1.5 0.1 1.5 0.5 1.5 0 1.5 0.8 0.1 1.5 0.5 1.5 0.8 0 1.5 0 
Pesos Drone 2: 1.5 1.2 1.1 0.5 1.5 1 0.7 1.5 1.1 0.7 0.3 1.5 0.8 0.5 0 1.5 1.2 0.9 0.3 1.5 0.9 0.79 0.29 1.5 
Pesos Drone 3: 1.5 0.39 1.5 0.8 0.6 0.1 1.5 0.9 0.79 0.39 1.5 1.2 0.6 1.5 0.9 0 
Pesos Drone 4: 1.5 0.8 0 

------------------------------------------------------------------------------------------------------------

Solución Iterated Local Search:

Función evaluación: 17691.8

Rutas Drone 1: 0 34 0 20 0 17 0 40 0 37 0 23 0 32 0 36 38 0 12 0 24 0 41 
Rutas Drone 2: 0 35 2 25 0 4 18 0 28 30 29 0 15 0 33 14 10 41 
Rutas Drone 3: 0 27 0 31 9 19 0 39 26 8 0 7 11 41 
Rutas Drone 4: 0 22 5 0 21 13 0 1 3 41 
Rutas Drone 5: 0 16 6 41 

Tiempos Drone 1: 0 109 217.24 836 1088.19 1553.2 2018.21 2377.45 2736.68 2956.92 3177.16 3381.18 3585.21 3948.58 4311.95 4759.64 5032 5456.63 5901.25 6345.88 6637.32 6928.76 6928.76 
Tiempos Drone 2: 0 69 331.17 602.8 1081.51 1512.16 1883.03 2518.25 2691.32 2966.19 3096 3465.96 3867 4201.43 4539.44 4754.12 5214 5625.68 
Tiempos Drone 3: 0 811 1244.26 1632.03 1894.12 2229 2727.77 3172.96 4798 4998 5514.9 6164.9 6557.65 6893.33 
Tiempos Drone 4: 0 1921 4758 5137.61 5544.35 5715.11 5992.76 6389.91 6549 6853.94 
Tiempos Drone 5: 0 5601 5641.22 5857.82 

Energias Drone 1: 0 0.1 0.15 0.06 0.09 0.11 0.15 0.13 0.17 0.05 0.11 0.04 0.12 0.05 0.11 0.07 0.1 0.15 0.07 0.1 0.09 0.19 0.02 
Energias Drone 2: 0 0.02 0.1 0.18 0.26 0.13 0.24 0.26 0.06 0.12 0.18 0.22 0.11 0.17 0.08 0.15 0.18 0.23 
Energias Drone 3: 0 0.11 0.22 0.11 0.18 0.25 0.26 0.13 0.14 0.2 0.26 0.05 0.14 0.2 
Energias Drone 4: 0 0.12 0.17 0.23 0.04 0.17 0.22 0.13 0.19 0.23 
Energias Drone 5: 0 0.13 0.2 0.25 

Pesos Drone 1: 1.5 0.6 1.5 0.29 1.5 0 1.5 0.8 1.5 0.1 1.5 0.5 1.5 0 1.5 0.8 0 1.5 0.8 1.5 0.5 1.5 0 
Pesos Drone 2: 1.5 1.2 1.1 0.5 1.5 1 0.7 1.5 1.1 0.4 0 1.5 1.2 1.5 1.2 0.7 0.1 0 
Pesos Drone 3: 1.5 0.39 1.5 0.8 0.6 0.1 1.5 0.9 0.79 0.39 1.5 0.9 0.29 0 
Pesos Drone 4: 1.5 1.1 0.5 1.5 1.2 0.5 1.5 1 0.3 0 
Pesos Drone 5: 1.5 1.4 1.09 0 

------------------------------------------------------------------------------------------------------------

Estadísticas:

Iteraciones totales: 1082077

Apariciones BalanceoCargaA1: 0/48463
Apariciones BalanceoCargaA2: 1/49065
Apariciones BalanceoCargaB: 4/52472
Apariciones Swap: 14495/200583
Apariciones MoverCliente: 56469/349469
Apariciones MoverCliente2: 14/127200
Apariciones CrearRuta: 11/127589
Apariciones CrearRuta2: 10/127236

Tiempo de ejecución: 349 segundos

------------------------------------------------------------------------------------------------------------