------------------------------------------------------------------------------------------------------------

Solución Greedy:

Función evaluación: 14390.2

Rutas Drone 1: 0 24 0 25 0 30 0 14 0 27 0 29 0 23 0 19 0 13 31 
Rutas Drone 2: 0 11 15 0 17 8 10 0 22 28 9 0 7 3 0 18 5 20 0 2 21 0 1 31 
Rutas Drone 3: 0 4 0 16 12 26 0 6 31 

Tiempos Drone 1: 0 358 715.53 1187 1610.76 1972.37 2333.98 2519.73 2705.47 2825.81 2946.14 3352.38 3758.62 3961.39 4164.15 4410.94 4657.73 4954.79 5251.85 
Tiempos Drone 2: 0 77 545 1079.23 1522.36 1707.15 1892.3 2363.61 2647.62 2990.6 3203.84 3310.84 3665.24 3834.3 4025.26 4209.85 4389.59 4496.97 4592.5 5075.51 5153.61 5561.19 5612.41 5663.64 
Tiempos Drone 3: 0 2081 2656.92 2720.43 3202.86 3591.56 4071.26 4550.7 5030.13 

Energias Drone 1: 0 0.09 0.18 0.09 0.19 0.09 0.18 0.05 0.1 0.03 0.06 0.09 0.19 0.04 0.09 0.06 0.12 0.07 0.15 
Energias Drone 2: 0 0.02 0.14 0.26 0.13 0.17 0.22 0.26 0.09 0.2 0.25 0.26 0.12 0.17 0.24 0.05 0.11 0.14 0.16 0.14 0.16 0.26 0.01 0.03 
Energias Drone 3: 0 0.2 0.26 0.02 0.15 0.24 0.26 0.16 0.26 

Pesos Drone 1: 1.5 0.39 1.5 0 1.5 0.29 1.5 0.7 1.5 0.7 1.5 0.2 1.5 0.1 1.5 0.29 1.5 0.39 0 
Pesos Drone 2: 1.5 1.1 0.5 1.5 0.8 0.4 0 1.5 1.2 1 0.39 1.5 1.3 1.19 1.5 1.1 0.8 0.5 1.5 0.9 0.29 1.5 1 0 
Pesos Drone 3: 1.5 1.4 1.5 1.1 0.6 0.2 1.5 1.4 0 

------------------------------------------------------------------------------------------------------------

Solución Iterated Local Search:

Función evaluación: 13742.7

Rutas Drone 1: 0 24 0 30 0 25 0 14 0 27 0 23 0 29 6 0 13 0 20 31 
Rutas Drone 2: 0 11 15 0 17 8 0 22 10 9 0 1 31 
Rutas Drone 3: 0 4 0 16 12 26 0 21 2 5 31 
Rutas Drone 4: 0 28 19 0 18 31 
Rutas Drone 5: 0 7 3 31 

Tiempos Drone 1: 0 358 715.53 1230 1591.61 2015.37 2439.13 2624.88 2810.62 2930.95 3051.28 3254.05 3456.82 3863.06 4191.36 4670.79 4967.85 5264.91 5360.44 5455.96 
Tiempos Drone 2: 0 77 545 1079.23 1522.36 1707.15 2007.02 2291.03 2560.31 2955.69 3062.69 5449 5500.22 
Tiempos Drone 3: 0 2081 2656.92 2720.43 3202.86 3591.56 4071.26 4478.84 4556.94 4857.74 5050.93 
Tiempos Drone 4: 0 1993 3712 3958.78 4143.37 4327.96 
Tiempos Drone 5: 0 2144 2401 2591.96 

Energias Drone 1: 0 0.09 0.18 0.07 0.16 0.09 0.17 0.03 0.06 0.07 0.15 0.09 0.19 0.06 0.1 0.19 0.12 0.2 0.08 0.13 
Energias Drone 2: 0 0.02 0.14 0.26 0.13 0.17 0.25 0.04 0.07 0.13 0.22 0.12 0.23 
Energias Drone 3: 0 0.2 0.26 0.02 0.15 0.24 0.26 0.04 0.06 0.12 0.2 
Energias Drone 4: 0 0.01 0.11 0.18 0.12 0.22 
Energias Drone 5: 0 0.01 0.16 0.23 

Pesos Drone 1: 1.5 0.39 1.5 0.29 1.5 0 1.5 0.7 1.5 0.7 1.5 0.1 1.5 0.2 0.1 1.5 0.39 1.5 1.2 0 
Pesos Drone 2: 1.5 1.1 0.5 1.5 0.8 0.4 1.5 1.2 0.8 0.2 1.5 1 0 
Pesos Drone 3: 1.5 1.4 1.5 1.1 0.6 0.2 1.5 0.9 0.29 0 0 
Pesos Drone 4: 1.5 1.3 0 1.5 1.1 0 
Pesos Drone 5: 1.5 1.3 1.19 0 

------------------------------------------------------------------------------------------------------------

Estadísticas:

Iteraciones totales: 1073484

Apariciones BalanceoCargaA1: 0/35517
Apariciones BalanceoCargaA2: 1/35653
Apariciones BalanceoCargaB: 31/69710
Apariciones Swap: 10835/82067
Apariciones MoverCliente: 233928/845327
Apariciones MoverCliente2: 11/1862
Apariciones CrearRuta: 12/1639
Apariciones CrearRuta2: 9/1709

Tiempo de ejecución: 341 segundos

------------------------------------------------------------------------------------------------------------