------------------------------------------------------------------------------------------------------------

Solución Greedy:

Función evaluación: 12943.2

Rutas Drone 1: 0 20 0 17 0 10 23 0 18 0 15 0 25 0 14 26 
Rutas Drone 2: 0 21 6 0 19 24 0 16 7 11 0 4 5 1 0 13 8 3 0 12 26 
Rutas Drone 3: 0 22 9 2 26 

Tiempos Drone 1: 0 337 673.47 1158.5 1643.52 2007.18 2318.8 2686.11 4038 4283.86 4617.58 4951.31 5386.91 5822.5 6031.37 6240.24 
Tiempos Drone 2: 0 405 837.47 1251.12 1547.1 1846.07 2296.12 2627.16 2684.2 3084 3519.83 3841.5 3995.52 4262.12 4852.48 5225.56 5405.43 5486.59 5949.39 6230 6510.62 
Tiempos Drone 3: 0 458 1587 4674 5158.92 

Energias Drone 1: 0 0.07 0.15 0.12 0.24 0.1 0.17 0.26 0.06 0.12 0.07 0.15 0.1 0.2 0.04 0.09 
Energias Drone 2: 0 0.12 0.23 0.26 0.1 0.18 0.26 0.11 0.12 0.18 0.26 0.09 0.14 0.2 0.26 0.12 0.17 0.19 0.26 0.09 0.18 
Energias Drone 3: 0 0.13 0.17 0.26 0.26 

Pesos Drone 1: 1.5 0 1.5 0.29 1.5 0.8 0.1 1.5 0.39 1.5 0.1 1.5 0.1 1.5 0 0 
Pesos Drone 2: 1.5 0.9 0.39 1.5 1.3 0.69 1.5 1.2 1.1 0.5 1.5 0.9 0.59 0.39 1.5 1.2 0.7 0.3 1.5 1.1 0 
Pesos Drone 3: 1.5 0.9 0.49 0 0 

------------------------------------------------------------------------------------------------------------

Solución Iterated Local Search:

Función evaluación: 11923.7

Rutas Drone 1: 0 20 0 17 16 0 23 10 7 0 15 0 14 0 18 0 25 26 
Rutas Drone 2: 0 21 0 19 9 24 0 4 11 5 0 8 3 13 0 12 26 
Rutas Drone 3: 0 6 0 22 1 2 26 

Tiempos Drone 1: 0 337 673.47 1158.5 1312.52 1643.56 2010.87 2322.48 2495.76 2817.67 4280 4613.72 5012 5220.86 5466.72 5712.59 6148.18 6583.78 
Tiempos Drone 2: 0 405 809.1 1105.08 1587 1766.8 2216.85 3089 3337.29 3455.59 3781.79 4477 4591 4779.48 5152.56 5433.18 5713.79 
Tiempos Drone 3: 0 414 827.64 1284.75 3725 4674 5158.92 

Energias Drone 1: 0 0.13 0.18 0.1 0.13 0.16 0.05 0.15 0.22 0.23 0.04 0.06 0.05 0.08 0.04 0.07 0.08 0.12 
Energias Drone 2: 0 0.17 0.23 0.13 0.18 0.22 0.26 0.12 0.2 0.21 0.26 0.02 0.09 0.12 0.16 0.04 0.12 
Energias Drone 3: 0 0.18 0.23 0.12 0.16 0.2 0.24 

Pesos Drone 1: 1.5 0 1.5 0.29 0 1.5 0.8 0.1 0 1.5 0.1 1.5 0 1.5 0.39 1.5 0.1 0 
Pesos Drone 2: 1.5 0.9 1.5 1.3 0.9 0.29 1.5 0.9 0.29 0 1.5 1 0.6 0.3 1.5 1.1 0 
Pesos Drone 3: 1.5 1 1.5 0.9 0.7 0.19 0 

------------------------------------------------------------------------------------------------------------

Estadísticas:

Iteraciones totales: 1082604

Apariciones BalanceoCargaA1: 0/49121
Apariciones BalanceoCargaA2: 0/49892
Apariciones BalanceoCargaB: 0/50987
Apariciones Swap: 8923/168276
Apariciones MoverCliente: 75720/747065
Apariciones MoverCliente2: 4/2433
Apariciones CrearRuta: 460/12197
Apariciones CrearRuta2: 8/2633

Tiempo de ejecución: 315 segundos

------------------------------------------------------------------------------------------------------------