------------------------------------------------------------------------------------------------------------

Solución Greedy:

Función evaluación: 18309.3

Rutas Drone 1: 0 18 24 0 16 0 17 0 29 0 20 0 21 0 36 
Rutas Drone 2: 0 7 14 0 6 9 0 25 11 26 13 0 10 23 0 5 15 31 0 30 22 2 0 4 36 
Rutas Drone 3: 0 1 12 0 35 32 27 0 28 3 19 0 34 0 8 36 
Rutas Drone 4: 0 33 36 

Tiempos Drone 1: 0 228 1273 1479.4 2294 2615.05 3113 3503.59 3981.68 4459.77 5312 5818.57 6276.94 6735.31 6735.31 
Tiempos Drone 2: 0 456 782.97 1037.46 1609.45 1881.85 2181.44 2388.6 2656.96 2841.35 3122.28 3558.9 4126.51 4339.45 4780.58 5192.46 5250.16 5574.8 5621.66 5629.27 5835.05 6165.11 6579.38 7026.16 7472.94 
Tiempos Drone 3: 0 807 1143.43 1578.32 2212 2254 2593.88 3040.03 3644 4245 5414 5794.46 6264.55 6734.64 6919.84 7105.03 
Tiempos Drone 4: 0 5885 6360.74 

Energias Drone 1: 0 0.06 0.08 0.13 0.07 0.15 0.1 0.2 0.13 0.26 0.14 0.26 0.11 0.22 0 
Energias Drone 2: 0 0.15 0.25 0.26 0.18 0.26 0.26 0.06 0.13 0.18 0.24 0.26 0.19 0.26 0.26 0.12 0.14 0.22 0.23 0 0.05 0.13 0.22 0.14 0.26 
Energias Drone 3: 0 0.16 0.25 0.26 0.16 0.17 0.25 0.26 0.16 0.17 0.21 0.26 0.14 0.26 0.06 0.12 
Energias Drone 4: 0 0.11 0.22 

Pesos Drone 1: 1.5 0.8 0.1 1.5 0.2 1.5 0.5 1.5 0.6 1.5 0.6 1.5 0.2 1.5 0 
Pesos Drone 2: 1.5 1.2 1 1.5 1.1 0.8 1.5 1 0.39 0.29 0 1.5 1.3 1.09 1.5 0.9 0.59 0.29 1.5 0.9 0.39 0 1.5 1.2 1.5 
Pesos Drone 3: 1.5 1 0.6 1.5 1.3 0.69 0.29 1.5 0.6 0.4 0 1.5 1 1.5 1.3 0 
Pesos Drone 4: 1.5 0.1 0 

------------------------------------------------------------------------------------------------------------

Solución Iterated Local Search:

Función evaluación: 15326.7

Rutas Drone 1: 0 24 18 0 17 26 0 16 0 29 22 0 21 0 34 20 0 36 
Rutas Drone 2: 0 14 0 9 6 11 0 25 7 0 13 10 23 0 5 15 2 4 0 30 31 36 
Rutas Drone 3: 0 1 12 0 35 32 27 0 28 3 19 0 8 36 
Rutas Drone 4: 0 33 36 

Tiempos Drone 1: 0 1273 1340.47 1568.42 3113 3347.79 3547.64 3868.7 4189.75 4667.85 5130 5343.12 5801.49 6259.85 6729.94 6894.02 7400.59 7400.59 
Tiempos Drone 2: 0 512 766.48 1066.08 1338.48 1536.52 1910.6 2117.76 2370.1 2825.79 3262.41 3431.59 3644.53 4085.66 4497.55 4597 5293 5776 6222.77 6230.39 6270.01 6316.87 
Tiempos Drone 3: 0 807 1143.43 1578.32 2212 2254 2593.88 3040.03 3644 4245 5414 5794.46 6677 6862.19 
Tiempos Drone 4: 0 5885 6360.74 

Energias Drone 1: 0 0.15 0.21 0.24 0.02 0.12 0.21 0.08 0.17 0.04 0.1 0.15 0.03 0.08 0.07 0.13 0.15 0.02 
Energias Drone 2: 0 0.17 0.23 0.03 0.06 0.16 0.25 0.1 0.22 0.26 0.09 0.15 0.18 0.24 0.07 0.14 0.16 0.18 0.23 0.05 0.11 0.14 
Energias Drone 3: 0 0.16 0.25 0.26 0.16 0.17 0.25 0.26 0.11 0.15 0.21 0.26 0.04 0.09 
Energias Drone 4: 0 0.12 0.18 

Pesos Drone 1: 1.5 0.8 0.1 1.5 0.5 0.4 1.5 0.2 1.5 0.6 0.1 1.5 0.2 1.5 1 0.1 1.5 0 
Pesos Drone 2: 1.5 1.3 1.5 1.2 0.8 0.2 1.5 1 0.7 1.5 1.2 1 0.8 1.5 0.9 0.59 0.29 0 1.5 0.9 0.59 0 
Pesos Drone 3: 1.5 1 0.6 1.5 1.3 0.69 0.29 1.5 0.6 0.4 0 1.5 1.3 0 
Pesos Drone 4: 1.5 0.1 0 

------------------------------------------------------------------------------------------------------------

Estadísticas:

Iteraciones totales: 1080465

Apariciones BalanceoCargaA1: 0/19427
Apariciones BalanceoCargaA2: 58/53848
Apariciones BalanceoCargaB: 91/76725
Apariciones Swap: 4899/143596
Apariciones MoverCliente: 56236/695531
Apariciones MoverCliente2: 17/16412
Apariciones CrearRuta: 2072/58378
Apariciones CrearRuta2: 20/16548

Tiempo de ejecución: 534 segundos

------------------------------------------------------------------------------------------------------------