------------------------------------------------------------------------------------------------------------

Solución Greedy:

Función evaluación: 24047.4

Rutas Drone 1: 0 23 0 12 0 27 0 36 0 1 0 32 0 41 0 39 0 31 0 29 0 46 
Rutas Drone 2: 0 7 3 30 0 4 0 24 14 0 35 13 25 0 8 38 16 0 15 0 10 9 0 37 0 44 0 22 46 
Rutas Drone 3: 0 2 43 0 40 45 11 0 34 0 19 28 33 0 21 18 0 6 46 
Rutas Drone 4: 0 5 26 17 0 20 42 46 

Tiempos Drone 1: 0 214 427.02 937.24 1447.46 2045.61 2643.76 2886.29 3128.81 3574.13 4019.44 4399.33 4779.21 5284.33 5789.44 6165.59 6541.73 7023.98 7506.23 7804.51 8102.8 8102.8 
Tiempos Drone 2: 0 218 346 526.33 969.59 1451.93 1934.28 2353.59 2625.31 2827.38 3046.04 3187.2 3631.86 4090.49 4343.26 4630.57 4858.58 5312.9 5791.56 6270.21 6629.43 6845.88 7320.92 7415.29 7509.66 7817.53 8125.41 8144.01 8162.61 
Tiempos Drone 3: 0 1089 1525.6 1974.76 2248.35 3207 4002 4186.1 4737.13 5288.17 5707.4 6024.45 6191.49 6367.26 6782.27 7244 7650.51 7811.93 7973.35 
Tiempos Drone 4: 0 1505 6619 6709.07 7147.01 7421.56 7580.37 7741.59 

Energias Drone 1: 0 0.05 0.11 0.15 0.26 0.14 0.26 0.06 0.12 0.13 0.26 0.09 0.19 0.12 0.24 0.1 0.2 0.14 0.26 0.06 0.13 0 
Energias Drone 2: 0 0.07 0.11 0.16 0.26 0.16 0.26 0.13 0.21 0.26 0.07 0.12 0.25 0.26 0.07 0.15 0.2 0.26 0.16 0.26 0.11 0.18 0.26 0.02 0.04 0.07 0.14 0 0.01 
Energias Drone 3: 0 0.12 0.24 0.26 0.08 0.15 0.2 0.24 0.16 0.26 0.13 0.22 0.26 0.26 0.13 0.26 0.26 0.05 0.11 
Energias Drone 4: 0 0.14 0.19 0.21 0.26 0.09 0.13 0.16 

Pesos Drone 1: 1.5 0.5 1.5 0.8 1.5 0.2 1.5 0.39 1.5 0.8 1.5 0.39 1.5 0.2 1.5 0.5 1.5 0.8 1.5 0.1 1.5 0 
Pesos Drone 2: 1.5 1.3 0.9 0.7 1.5 1.4 1.5 1 0.9 1.5 1.3 1.09 0.89 1.5 0.9 0.49 0.19 1.5 1.3 1.5 1.1 1 1.5 0.2 1.5 0.2 1.5 0.9 0 
Pesos Drone 3: 1.5 0.8 0.5 1.5 0.9 0.29 0 1.5 0.9 1.5 1.2 0.5 0.4 1.5 1.2 0.6 1.5 1.3 1.5 
Pesos Drone 4: 1.5 1.1 1 0.9 1.5 1.4 0 0 

------------------------------------------------------------------------------------------------------------

Solución Iterated Local Search:

Función evaluación: 15095.7

Rutas Drone 1: 0 23 0 12 0 27 0 36 0 8 1 11 0 15 41 0 46 
Rutas Drone 2: 0 7 3 30 0 4 0 38 34 16 0 22 46 
Rutas Drone 3: 0 40 2 35 0 45 0 33 28 17 18 46 
Rutas Drone 4: 0 24 5 43 0 13 0 25 10 31 6 0 42 20 0 29 46 
Rutas Drone 5: 0 14 0 32 0 39 9 0 37 0 19 21 0 26 44 46 

Tiempos Drone 1: 0 214 427.02 937.24 1447.46 2045.61 2643.76 2886.29 3128.81 3381.59 3574.57 4002 4186.1 4664.75 4723.28 5228.39 5228.39 
Tiempos Drone 2: 0 218 346 526.33 969.59 1451.93 1934.28 2953 4095 4211.92 4666.24 6623 6641.6 
Tiempos Drone 3: 0 1286 1493.03 2293 2511.66 3207 3505.88 5219 5386.04 6704 6747.46 7153.97 
Tiempos Drone 4: 0 682 1505 1529.04 1978.2 2336.84 2695.49 3154.12 4643 5427 6452 6613.41 6954 7112.8 7387.36 7685.64 7983.92 
Tiempos Drone 5: 0 911 1113.07 3794 4173.88 4761 5549 6024.04 6118.41 6212.77 6632.01 6643.71 7058.72 7406.68 7586.29 7894.17 

Energias Drone 1: 0 0.11 0.13 0.04 0.1 0.12 0.2 0.01 0.04 0.06 0.12 0.16 0.24 0.11 0.16 0.23 0.01 
Energias Drone 2: 0 0.07 0.09 0.14 0.2 0.18 0.26 0.02 0.05 0.1 0.15 0.06 0.14 
Energias Drone 3: 0 0.13 0.15 0.19 0.25 0.15 0.23 0.02 0.05 0.11 0.16 0.21 
Energias Drone 4: 0 0.13 0.16 0.2 0.26 0.17 0.25 0.02 0.05 0.11 0.16 0.21 0.08 0.16 0.2 0.06 0.08 
Energias Drone 5: 0 0.07 0.11 0.09 0.18 0.1 0.13 0.23 0.02 0.04 0.13 0.14 0.23 0.12 0.16 0.23 

Pesos Drone 1: 1.5 0.5 1.5 0.8 1.5 0.2 1.5 0.39 1.5 0.9 0.19 0 1.5 1.3 0 1.5 0 
Pesos Drone 2: 1.5 1.3 0.9 0.7 1.5 1.4 1.5 1.1 0.5 0.19 1.5 0.9 0 
Pesos Drone 3: 1.5 0.9 0.19 0 1.5 0.9 1.5 1.4 0.7 0.59 0 0 
Pesos Drone 4: 1.5 1 0.6 0.3 1.5 1.3 1.5 1.3 0.9 0.19 0 1.5 0.1 0 1.5 0.1 0 
Pesos Drone 5: 1.5 1.4 1.5 0.39 1.5 0.5 0.4 1.5 0.2 1.5 1.2 0.9 1.5 1.4 0.1 0 

------------------------------------------------------------------------------------------------------------

Estadísticas:

Iteraciones totales: 941071

Apariciones BalanceoCargaA1: 6/1745
Apariciones BalanceoCargaA2: 78/2793
Apariciones BalanceoCargaB: 306/6068
Apariciones Swap: 4281/91118
Apariciones MoverCliente: 74178/772609
Apariciones MoverCliente2: 97/7531
Apariciones CrearRuta: 1812/55460
Apariciones CrearRuta2: 24/3747

Tiempo de ejecución: 436 segundos

------------------------------------------------------------------------------------------------------------