------------------------------------------------------------------------------------------------------------

Solución Greedy:

Función evaluación: 3661.07

Rutas Drone 1: 0 9 0 7 0 8 0 10 11 
Rutas Drone 2: 0 3 6 1 0 4 2 5 11 

Tiempos Drone 1: 0 776 1114.99 1362.54 1610.08 1823 1975.2 2230.42 2485.64 
Tiempos Drone 2: 0 750 1000 1186.49 1469.33 1560.59 1979 2421 2718.28 

Energias Drone 1: 0 0.09 0.19 0.06 0.13 0.04 0.08 0.06 0.13 
Energias Drone 2: 0 0.05 0.08 0.12 0.19 0.02 0.13 0.16 0.24 

Pesos Drone 1: 1.5 0.7 1.5 0.6 1.5 0.7 1.5 0.39 0 
Pesos Drone 2: 1.5 1.3 0.69 0 1.5 0.9 0.49 0.19 0 

------------------------------------------------------------------------------------------------------------

Solución Iterated Local Search:

Función evaluación: 3117.69

Rutas Drone 1: 0 3 0 6 7 0 10 11 
Rutas Drone 2: 0 1 9 0 4 0 8 2 5 11 

Tiempos Drone 1: 0 750 918.29 1020.9 1205 1452.54 2027 2282.22 
Tiempos Drone 2: 0 1169 1228.2 1567.2 1658.46 1749.72 1901.92 2207.29 2421 2718.28 

Energias Drone 1: 0 0.05 0.09 0.03 0.06 0.12 0.06 0.12 
Energias Drone 2: 0 0.08 0.09 0.17 0.02 0.04 0.04 0.11 0.15 0.22 

Pesos Drone 1: 1.5 1.3 1.5 0.9 0 1.5 0.39 0 
Pesos Drone 2: 1.5 0.8 0 1.5 0.9 1.5 0.7 0.29 0 0 

------------------------------------------------------------------------------------------------------------

Estadísticas:

Iteraciones totales: 933616

Apariciones BalanceoCargaA1: 15/339
Apariciones BalanceoCargaA2: 71/458
Apariciones BalanceoCargaB: 124/742
Apariciones Swap: 11728/80596
Apariciones MoverCliente: 179061/755827
Apariciones MoverCliente2: 34/2603
Apariciones CrearRuta: 8570/91184
Apariciones CrearRuta2: 10/1867

Tiempo de ejecución: 282 segundos

------------------------------------------------------------------------------------------------------------