------------------------------------------------------------------------------------------------------------

Solución Greedy:

Función evaluación: 14390.2

Rutas Drone 1: 0 24 0 25 0 30 0 14 0 27 0 29 0 23 0 19 0 13 31 
Rutas Drone 2: 0 11 15 0 17 8 10 0 22 28 9 0 7 3 0 18 5 20 0 2 21 0 1 31 
Rutas Drone 3: 0 4 0 16 12 26 0 6 31 

Tiempos Drone 1: 0 358 715.53 1187 1610.76 1972.37 2333.98 2519.73 2705.47 2825.81 2946.14 3352.38 3758.62 3961.39 4164.15 4410.94 4657.73 4954.79 5251.85 
Tiempos Drone 2: 0 77 545 1079.23 1522.36 1707.15 1892.3 2363.61 2647.62 2990.6 3203.84 3310.84 3665.24 3834.3 4025.26 4209.85 4389.59 4496.97 4592.5 5075.51 5153.61 5561.19 5612.41 5663.64 
Tiempos Drone 3: 0 2081 2656.92 2720.43 3202.86 3591.56 4071.26 4550.7 5030.13 

Energias Drone 1: 0 0.09 0.18 0.09 0.19 0.09 0.18 0.05 0.1 0.03 0.06 0.09 0.19 0.04 0.09 0.06 0.12 0.07 0.15 
Energias Drone 2: 0 0.02 0.14 0.26 0.13 0.17 0.22 0.26 0.09 0.2 0.25 0.26 0.12 0.17 0.24 0.05 0.11 0.14 0.16 0.14 0.16 0.26 0.01 0.03 
Energias Drone 3: 0 0.2 0.26 0.02 0.15 0.24 0.26 0.16 0.26 

Pesos Drone 1: 1.5 0.39 1.5 0 1.5 0.29 1.5 0.7 1.5 0.7 1.5 0.2 1.5 0.1 1.5 0.29 1.5 0.39 0 
Pesos Drone 2: 1.5 1.1 0.5 1.5 0.8 0.4 0 1.5 1.2 1 0.39 1.5 1.3 1.19 1.5 1.1 0.8 0.5 1.5 0.9 0.29 1.5 1 0 
Pesos Drone 3: 1.5 1.4 1.5 1.1 0.6 0.2 1.5 1.4 0 

------------------------------------------------------------------------------------------------------------

Solución Iterated Local Search:

Función evaluación: 6854.77

Rutas Drone 1: 0 24 0 25 0 14 0 28 29 0 9 0 27 0 13 31 
Rutas Drone 2: 0 15 17 0 11 0 8 3 0 1 31 
Rutas Drone 3: 0 4 10 2 6 0 5 19 31 
Rutas Drone 4: 0 26 12 0 23 0 18 0 21 31 
Rutas Drone 5: 0 30 0 7 16 0 22 20 31 

Tiempos Drone 1: 0 358 715.53 1187 1610.76 1796.5 1982.24 2302.4 2861 3267.24 3374.24 3481.24 3601.57 3721.9 4929 5226.05 
Tiempos Drone 2: 0 545 692.31 1135.43 1211.59 1287.75 1587.62 2401 2591.96 5449 5500.22 
Tiempos Drone 3: 0 2081 2203.26 4302 4447.6 4927.03 5120.22 5175.3 5422.09 
Tiempos Drone 4: 0 3057 3445.7 3991.4 4194.17 4396.94 4581.53 4766.11 5173.69 5581.27 
Tiempos Drone 5: 0 1230 1591.61 2144 2439.43 2502.94 2786.95 4028 4123.52 

Energias Drone 1: 0 0.09 0.18 0.06 0.15 0.12 0.19 0.04 0.06 0.12 0.12 0.2 0.13 0.19 0.05 0.14 
Energias Drone 2: 0 0.01 0.12 0.19 0.12 0.22 0.1 0.15 0.17 0.07 0.16 
Energias Drone 3: 0 0.01 0.05 0.08 0.12 0.22 0.11 0.14 0.16 
Energias Drone 4: 0 0.01 0.13 0.26 0.04 0.09 0.05 0.1 0.12 0.21 
Energias Drone 5: 0 0.09 0.17 0.12 0.21 0.22 0.09 0.16 0.18 

Pesos Drone 1: 1.5 0.39 1.5 0 1.5 0.7 1.5 1.3 0 1.5 0.9 1.5 0.7 1.5 0.39 0 
Pesos Drone 2: 1.5 0.9 0.19 1.5 1.1 1.5 1.1 1 1.5 1 0 
Pesos Drone 3: 1.5 1.4 1 0.39 0.29 1.5 1.2 0 0 
Pesos Drone 4: 1.5 1.1 0.6 1.5 0.1 1.5 1.1 1.5 0.9 0 
Pesos Drone 5: 1.5 0.29 1.5 1.3 0.9 1.5 1.2 0.9 0 

------------------------------------------------------------------------------------------------------------

Estadísticas:

Iteraciones totales: 1077254

Apariciones BalanceoCargaA1: 0/46976
Apariciones BalanceoCargaA2: 5/48311
Apariciones BalanceoCargaB: 6/49890
Apariciones Swap: 6976/202972
Apariciones MoverCliente: 38950/425068
Apariciones MoverCliente2: 9/98958
Apariciones CrearRuta: 600/107605
Apariciones CrearRuta2: 5/97474

Tiempo de ejecución: 440 segundos

------------------------------------------------------------------------------------------------------------