------------------------------------------------------------------------------------------------------------

Solución Greedy:

Función evaluación: 24047.4

Rutas Drone 1: 0 23 0 12 0 27 0 36 0 1 0 32 0 41 0 39 0 31 0 29 0 46 
Rutas Drone 2: 0 7 3 30 0 4 0 24 14 0 35 13 25 0 8 38 16 0 15 0 10 9 0 37 0 44 0 22 46 
Rutas Drone 3: 0 2 43 0 40 45 11 0 34 0 19 28 33 0 21 18 0 6 46 
Rutas Drone 4: 0 5 26 17 0 20 42 46 

Tiempos Drone 1: 0 214 427.02 937.24 1447.46 2045.61 2643.76 2886.29 3128.81 3574.13 4019.44 4399.33 4779.21 5284.33 5789.44 6165.59 6541.73 7023.98 7506.23 7804.51 8102.8 8102.8 
Tiempos Drone 2: 0 218 346 526.33 969.59 1451.93 1934.28 2353.59 2625.31 2827.38 3046.04 3187.2 3631.86 4090.49 4343.26 4630.57 4858.58 5312.9 5791.56 6270.21 6629.43 6845.88 7320.92 7415.29 7509.66 7817.53 8125.41 8144.01 8162.61 
Tiempos Drone 3: 0 1089 1525.6 1974.76 2248.35 3207 4002 4186.1 4737.13 5288.17 5707.4 6024.45 6191.49 6367.26 6782.27 7244 7650.51 7811.93 7973.35 
Tiempos Drone 4: 0 1505 6619 6709.07 7147.01 7421.56 7580.37 7741.59 

Energias Drone 1: 0 0.05 0.11 0.15 0.26 0.14 0.26 0.06 0.12 0.13 0.26 0.09 0.19 0.12 0.24 0.1 0.2 0.14 0.26 0.06 0.13 0 
Energias Drone 2: 0 0.07 0.11 0.16 0.26 0.16 0.26 0.13 0.21 0.26 0.07 0.12 0.25 0.26 0.07 0.15 0.2 0.26 0.16 0.26 0.11 0.18 0.26 0.02 0.04 0.07 0.14 0 0.01 
Energias Drone 3: 0 0.12 0.24 0.26 0.08 0.15 0.2 0.24 0.16 0.26 0.13 0.22 0.26 0.26 0.13 0.26 0.26 0.05 0.11 
Energias Drone 4: 0 0.14 0.19 0.21 0.26 0.09 0.13 0.16 

Pesos Drone 1: 1.5 0.5 1.5 0.8 1.5 0.2 1.5 0.39 1.5 0.8 1.5 0.39 1.5 0.2 1.5 0.5 1.5 0.8 1.5 0.1 1.5 0 
Pesos Drone 2: 1.5 1.3 0.9 0.7 1.5 1.4 1.5 1 0.9 1.5 1.3 1.09 0.89 1.5 0.9 0.49 0.19 1.5 1.3 1.5 1.1 1 1.5 0.2 1.5 0.2 1.5 0.9 0 
Pesos Drone 3: 1.5 0.8 0.5 1.5 0.9 0.29 0 1.5 0.9 1.5 1.2 0.5 0.4 1.5 1.2 0.6 1.5 1.3 1.5 
Pesos Drone 4: 1.5 1.1 1 0.9 1.5 1.4 0 0 

------------------------------------------------------------------------------------------------------------

Solución Iterated Local Search:

Función evaluación: 15031

Rutas Drone 1: 0 23 0 12 2 0 14 27 0 1 25 8 0 41 0 45 38 10 0 46 
Rutas Drone 2: 0 7 3 30 0 4 0 35 24 34 0 37 46 
Rutas Drone 3: 0 40 5 43 0 32 0 28 18 17 26 0 6 46 
Rutas Drone 4: 0 39 11 33 0 29 0 21 19 31 0 42 46 
Rutas Drone 5: 0 13 0 36 15 0 16 0 22 0 44 9 20 46 

Tiempos Drone 1: 0 214 427.02 937.24 1089 1524.69 1726.76 2127.81 2725.96 3171.28 3196.28 3402.15 3654.92 4189 4694.11 4993 5068.8 5217.74 5576.95 5576.95 
Tiempos Drone 2: 0 218 346 526.33 969.59 1451.93 1934.28 2293 2494.63 4095 4646.03 5710 5804.36 
Tiempos Drone 3: 0 1286 1755.59 1779.63 2228.79 3794 4173.88 4929 6179 6704 6794.07 7142.03 7303.45 7464.87 
Tiempos Drone 4: 0 4761 4961.52 5219 5394.76 5693.04 5991.33 6406.34 6418.04 6524.99 7007.23 7168.45 7329.67 
Tiempos Drone 5: 0 2334 2692.64 2935.17 3975 4453.65 4907.97 5362.29 6623 6641.6 6949.47 7139.74 7534.79 7809.34 

Energias Drone 1: 0 0.11 0.13 0.04 0.11 0.22 0.12 0.14 0.16 0.06 0.12 0.17 0.25 0.08 0.13 0.08 0.1 0.15 0.16 0.1 
Energias Drone 2: 0 0.07 0.09 0.14 0.2 0.18 0.26 0.02 0.05 0.11 0.15 0.05 0.13 
Energias Drone 3: 0 0.13 0.15 0.19 0.25 0.13 0.21 0.01 0.04 0.09 0.14 0.19 0.11 0.19 
Energias Drone 4: 0 0.11 0.14 0.17 0.24 0.12 0.2 0.02 0.05 0.11 0.15 0.05 0.12 
Energias Drone 5: 0 0.12 0.2 0.06 0.12 0.23 0.15 0.25 0 0 0.07 0.11 0.2 0.26 

Pesos Drone 1: 1.5 0.5 1.5 0.8 0.1 1.5 1.4 0.1 1.5 0.8 0.6 0 1.5 0.2 1.5 0.9 0.49 0 1.5 0 
Pesos Drone 2: 1.5 1.3 0.9 0.7 1.5 1.4 1.5 1.3 0.79 0.19 1.5 0.2 0 
Pesos Drone 3: 1.5 0.9 0.49 0.19 1.5 0.39 1.5 0.8 0.19 0 0 1.5 1.3 0 
Pesos Drone 4: 1.5 0.5 0.3 0.2 1.5 0.1 1.5 1.2 0.9 0.2 1.5 0.1 0 
Pesos Drone 5: 1.5 1.3 1.5 0.39 0.19 1.5 1.2 1.5 0.9 1.5 0.2 0.1 0 0 

------------------------------------------------------------------------------------------------------------

Estadísticas:

Iteraciones totales: 1080465

Apariciones BalanceoCargaA1: 0/39804
Apariciones BalanceoCargaA2: 4/43600
Apariciones BalanceoCargaB: 25/66596
Apariciones Swap: 9303/113372
Apariciones MoverCliente: 60951/754360
Apariciones MoverCliente2: 33/16561
Apariciones CrearRuta: 629/31258
Apariciones CrearRuta2: 12/14914

Tiempo de ejecución: 490 segundos

------------------------------------------------------------------------------------------------------------