------------------------------------------------------------------------------------------------------------

Solución Greedy:

Función evaluación: 20175

Rutas Drone 1: 0 34 0 17 0 40 0 20 0 37 0 23 0 32 0 12 36 0 24 0 13 38 0 41 
Rutas Drone 2: 0 35 2 25 0 4 18 0 28 29 22 0 30 33 14 0 15 21 5 0 10 16 1 41 
Rutas Drone 3: 0 27 0 31 9 19 0 39 26 8 0 6 7 0 11 41 
Rutas Drone 4: 0 3 41 

Tiempos Drone 1: 0 109 217.24 682.24 1147.25 1506.49 1865.72 2117.92 2370.12 2590.36 2810.6 3014.62 3218.65 3582.02 3945.39 4390.02 4738.71 5186.39 5477.83 5769.27 6046.92 6194.5 6619.14 6619.14 
Tiempos Drone 2: 0 69 331.17 602.8 1081.51 1512.16 1883.03 2518.25 2691.32 2913.46 3340.28 3785.73 4230.62 4517.69 4732.36 5246.44 5580.87 5822.45 5886.74 6266.36 6678.04 6840.31 7063.74 7460.89 
Tiempos Drone 3: 0 811 1244.26 1632.03 1894.12 2229 2727.77 3172.96 4798 4998 5514.9 5731.5 6175.83 6825.83 7161.51 7497.19 
Tiempos Drone 4: 0 5467 5771.94 

Energias Drone 1: 0 0.02 0.05 0.1 0.2 0.1 0.21 0.06 0.12 0.05 0.1 0.05 0.1 0.08 0.16 0.13 0.21 0.26 0.07 0.15 0.08 0.11 0.21 0 
Energias Drone 2: 0 0.02 0.1 0.18 0.26 0.13 0.24 0.26 0.05 0.11 0.22 0.26 0.13 0.2 0.25 0.26 0.11 0.18 0.2 0.26 0.12 0.17 0.22 0.26 
Energias Drone 3: 0 0.11 0.22 0.11 0.18 0.25 0.26 0.13 0.14 0.19 0.26 0.07 0.19 0.26 0.1 0.2 
Energias Drone 4: 0 0.09 0.18 

Pesos Drone 1: 1.5 0.6 1.5 0 1.5 0.8 1.5 0.29 1.5 0.1 1.5 0.5 1.5 0 1.5 0.8 0.1 1.5 0.5 1.5 0.8 0 1.5 0 
Pesos Drone 2: 1.5 1.2 1.1 0.5 1.5 1 0.7 1.5 1.1 0.7 0.3 1.5 0.8 0.5 0 1.5 1.2 0.9 0.3 1.5 0.9 0.79 0.29 1.5 
Pesos Drone 3: 1.5 0.39 1.5 0.8 0.6 0.1 1.5 0.9 0.79 0.39 1.5 1.2 0.6 1.5 0.9 0 
Pesos Drone 4: 1.5 0.8 0 

------------------------------------------------------------------------------------------------------------

Solución Iterated Local Search:

Función evaluación: 18235.5

Rutas Drone 1: 0 34 0 37 0 28 29 40 0 6 36 21 0 41 
Rutas Drone 2: 0 35 0 4 18 0 14 5 0 10 13 41 
Rutas Drone 3: 0 27 0 31 9 19 0 39 26 8 0 7 11 41 
Rutas Drone 4: 0 25 22 33 0 32 0 16 38 41 
Rutas Drone 5: 0 2 23 0 20 0 30 12 0 24 15 41 
Rutas Drone 6: 0 17 0 1 3 41 

Tiempos Drone 1: 0 109 217.24 1536 1756.23 1929.31 2151.45 2173.08 2532.32 5033 5268.58 5331.74 5738.48 5738.48 
Tiempos Drone 2: 0 69 137.68 627 997.86 1633.08 3706 4758 5137.61 5549.29 5687.98 5965.63 
Tiempos Drone 3: 0 811 1244.26 1632.03 1894.12 2229 2727.77 3172.96 4798 4998 5514.9 6164.9 6557.65 6893.33 
Tiempos Drone 4: 0 479 1921 3295 3633.01 3996.39 4359.76 5601 5772.76 6197.4 
Tiempos Drone 5: 0 326 1984 2188.02 2440.22 2692.42 3137.31 3926 4370.62 4732 4932.89 5267.33 
Tiempos Drone 6: 0 623 1088 6225 6384.08 6689.03 

Energias Drone 1: 0 0.02 0.05 0.05 0.1 0.05 0.11 0.21 0.25 0.07 0.14 0.19 0.26 0.05 
Energias Drone 2: 0 0.13 0.17 0.08 0.11 0.23 0.06 0.17 0.22 0.06 0.13 0.17 
Energias Drone 3: 0 0.11 0.22 0.11 0.18 0.25 0.26 0.13 0.14 0.2 0.26 0.05 0.14 0.2 
Energias Drone 4: 0 0.12 0.17 0.23 0.26 0.11 0.15 0.15 0.21 0.26 
Energias Drone 5: 0 0.13 0.18 0.24 0.03 0.14 0.05 0.16 0.2 0.05 0.12 0.16 
Energias Drone 6: 0 0.08 0.13 0.08 0.11 0.22 

Pesos Drone 1: 1.5 0.6 1.5 0.1 1.5 1.1 0.7 0 1.5 1.2 0.5 0.2 1.5 0 
Pesos Drone 2: 1.5 1.2 1.5 1 0.7 1.5 1 0.39 1.5 0.9 0.19 0 
Pesos Drone 3: 1.5 0.39 1.5 0.8 0.6 0.1 1.5 0.9 0.79 0.39 1.5 0.9 0.29 0 
Pesos Drone 4: 1.5 0.9 0.49 0.19 1.5 0 1.5 1.4 0.59 0 
Pesos Drone 5: 1.5 1.4 0.39 1.5 0.29 1.5 0.8 0.1 1.5 0.5 0.19 0 
Pesos Drone 6: 1.5 0 1.5 1 0.3 0 

------------------------------------------------------------------------------------------------------------

Estadísticas:

Iteraciones totales: 934595

Apariciones BalanceoCargaA1: 6/685
Apariciones BalanceoCargaA2: 1/654
Apariciones BalanceoCargaB: 53/652
Apariciones Swap: 34028/215355
Apariciones MoverCliente: 143059/708390
Apariciones MoverCliente2: 53/2976
Apariciones CrearRuta: 109/3766
Apariciones CrearRuta2: 20/2117

Tiempo de ejecución: 305 segundos

------------------------------------------------------------------------------------------------------------