------------------------------------------------------------------------------------------------------------

Solución Greedy:

Función evaluación: 10071.9

Rutas Drone 1: 0 12 0 20 0 19 0 15 0 13 21 
Rutas Drone 2: 0 14 3 6 11 0 5 0 9 7 4 8 0 1 21 
Rutas Drone 3: 0 18 0 17 0 16 21 
Rutas Drone 4: 0 10 2 21 

Tiempos Drone 1: 0 171 341.6 513.36 685.11 1120 1512.61 3026 3465.89 3773.91 4081.93 
Tiempos Drone 2: 0 289 412.14 676.72 879.39 1287.47 1830.13 2372.79 2561.11 2816.63 3096.17 3216.74 3305.94 3747.05 4188.15 
Tiempos Drone 3: 0 415 751.01 1005.58 1260.14 1724.12 2188.09 
Tiempos Drone 4: 0 1349 1443.76 1852.69 

Energias Drone 1: 0 0.03 0.07 0.04 0.08 0.09 0.18 0.1 0.2 0.07 0.14 
Energias Drone 2: 0 0.09 0.12 0.19 0.23 0.26 0.16 0.26 0.06 0.13 0.2 0.23 0.25 0.14 0.29 
Energias Drone 3: 0 0.07 0.15 0.06 0.13 0.12 0.25 
Energias Drone 4: 0 0.08 0.11 0.21 

Pesos Drone 1: 1.5 0.1 1.5 0.1 1.5 0.2 1.5 0.1 1.5 0.1 0 
Pesos Drone 2: 1.5 1.2 0.7 0.2 0 1.5 0.8 1.5 1.1 0.9 0.3 0.1 1.5 1.2 0 
Pesos Drone 3: 1.5 0 1.5 0.5 1.5 0.6 1.5 
Pesos Drone 4: 1.5 0.6 0.3 0 

------------------------------------------------------------------------------------------------------------

Solución Iterated Local Search:

Función evaluación: 8888.08

Rutas Drone 1: 0 12 0 20 0 19 11 0 13 21 
Rutas Drone 2: 0 3 0 6 5 1 0 8 21 
Rutas Drone 3: 0 18 0 4 7 0 15 21 
Rutas Drone 4: 0 17 14 0 16 2 0 10 9 21 

Tiempos Drone 1: 0 171 341.6 513.36 685.11 1120 1285.55 1693.63 3754 4062.02 
Tiempos Drone 2: 0 302 465 793 1235.29 2726 3167.1 3256.3 3345.5 
Tiempos Drone 3: 0 415 751.01 2345 2624.54 2994.55 3434.45 3874.34 
Tiempos Drone 4: 0 428 452.69 726.78 1281 1355 1763.93 2083.98 2397.69 2586.01 

Energias Drone 1: 0 0.03 0.07 0.04 0.07 0.09 0.13 0.22 0.07 0.14 
Energias Drone 2: 0 0.13 0.21 0.08 0.1 0.16 0.26 0.03 0.05 
Energias Drone 3: 0 0.07 0.15 0.04 0.12 0.21 0.1 0.2 
Energias Drone 4: 0 0.06 0.07 0.13 0.12 0.14 0.23 0.08 0.16 0.2 

Pesos Drone 1: 1.5 0.1 1.5 0.1 1.5 0.2 0 1.5 0.1 0 
Pesos Drone 2: 1.5 1 1.5 1 0.3 0 1.5 1.3 0 
Pesos Drone 3: 1.5 0 1.5 0.9 0.7 1.5 0.1 0 
Pesos Drone 4: 1.5 0.5 0.19 1.5 0.6 0.3 1.5 0.6 0.2 0 

------------------------------------------------------------------------------------------------------------

Estadísticas:

Iteraciones totales: 1013182

Apariciones BalanceoCargaA1: 26/11708
Apariciones BalanceoCargaA2: 12/15091
Apariciones BalanceoCargaB: 125/54306
Apariciones Swap: 4104/58269
Apariciones MoverCliente: 70001/486427
Apariciones MoverCliente2: 52/4133
Apariciones CrearRuta: 45336/377068
Apariciones CrearRuta2: 106/6180

Tiempo de ejecución: 327 segundos

------------------------------------------------------------------------------------------------------------