------------------------------------------------------------------------------------------------------------

Solución Greedy:

Función evaluación: 12943.2

Rutas Drone 1: 0 20 0 17 0 10 23 0 18 0 15 0 25 0 14 26 
Rutas Drone 2: 0 21 6 0 19 24 0 16 7 11 0 4 5 1 0 13 8 3 0 12 26 
Rutas Drone 3: 0 22 9 2 26 

Tiempos Drone 1: 0 337 673.47 1158.5 1643.52 2007.18 2318.8 2686.11 4038 4283.86 4617.58 4951.31 5386.91 5822.5 6031.37 6240.24 
Tiempos Drone 2: 0 405 837.47 1251.12 1547.1 1846.07 2296.12 2627.16 2684.2 3084 3519.83 3841.5 3995.52 4262.12 4852.48 5225.56 5405.43 5486.59 5949.39 6230 6510.62 
Tiempos Drone 3: 0 458 1587 4674 5158.92 

Energias Drone 1: 0 0.07 0.15 0.12 0.24 0.1 0.17 0.26 0.06 0.12 0.07 0.15 0.1 0.2 0.04 0.09 
Energias Drone 2: 0 0.12 0.23 0.26 0.1 0.18 0.26 0.11 0.12 0.18 0.26 0.09 0.14 0.2 0.26 0.12 0.17 0.19 0.26 0.09 0.18 
Energias Drone 3: 0 0.13 0.17 0.26 0.26 

Pesos Drone 1: 1.5 0 1.5 0.29 1.5 0.8 0.1 1.5 0.39 1.5 0.1 1.5 0.1 1.5 0 0 
Pesos Drone 2: 1.5 0.9 0.39 1.5 1.3 0.69 1.5 1.2 1.1 0.5 1.5 0.9 0.59 0.39 1.5 1.2 0.7 0.3 1.5 1.1 0 
Pesos Drone 3: 1.5 0.9 0.49 0 0 

------------------------------------------------------------------------------------------------------------

Solución Iterated Local Search:

Función evaluación: 11814.1

Rutas Drone 1: 0 20 0 17 16 0 7 10 23 0 15 0 14 0 18 0 25 26 
Rutas Drone 2: 0 21 0 19 6 24 0 4 0 5 8 3 13 0 2 12 26 
Rutas Drone 3: 0 22 0 9 1 11 26 

Tiempos Drone 1: 0 337 673.47 1158.5 1312.52 1643.56 1965.47 2138.74 2450.36 2817.67 4280 4613.72 5012 5220.86 5466.72 5712.59 6148.18 6583.78 
Tiempos Drone 2: 0 405 809.1 1105.08 1287.32 1428.26 1878.31 3089 3410.67 3736.87 4477 4591 4779.48 5152.56 5637.49 6020.93 6301.54 
Tiempos Drone 3: 0 458 915.1 1587 3725 3880.58 4316.42 

Energias Drone 1: 0 0.13 0.18 0.1 0.13 0.16 0.06 0.18 0.25 0.26 0.04 0.06 0.05 0.08 0.04 0.07 0.08 0.12 
Energias Drone 2: 0 0.12 0.17 0.13 0.18 0.21 0.26 0.12 0.19 0.01 0.07 0.08 0.14 0.17 0.05 0.08 0.17 
Energias Drone 3: 0 0.17 0.23 0.13 0.17 0.21 0.25 

Pesos Drone 1: 1.5 0 1.5 0.29 0 1.5 1.4 0.7 0 1.5 0.1 1.5 0 1.5 0.39 1.5 0.1 0 
Pesos Drone 2: 1.5 0.9 1.5 1.3 0.79 0.19 1.5 0.9 1.5 1.2 0.7 0.3 0 1.5 1 0.6 0 
Pesos Drone 3: 1.5 0.9 1.5 1.1 0.9 0.3 0 

------------------------------------------------------------------------------------------------------------

Estadísticas:

Iteraciones totales: 1082077

Apariciones BalanceoCargaA1: 0/49438
Apariciones BalanceoCargaA2: 0/49653
Apariciones BalanceoCargaB: 0/50909
Apariciones Swap: 15558/272361
Apariciones MoverCliente: 60778/622052
Apariciones MoverCliente2: 12/8804
Apariciones CrearRuta: 519/19744
Apariciones CrearRuta2: 9/9116

Tiempo de ejecución: 367 segundos

------------------------------------------------------------------------------------------------------------