------------------------------------------------------------------------------------------------------------

Solución Greedy:

Función evaluación: 7631.15

Rutas Drone 1: 0 15 0 13 11 0 12 5 16 
Rutas Drone 2: 0 14 3 9 0 7 2 0 10 0 4 8 0 6 1 16 

Tiempos Drone 1: 0 1957 2251.02 2806 4442 4969.52 5384.08 5584 5874.38 
Tiempos Drone 2: 0 175 662 1021.91 1290.19 1817.07 1967.3 2508.13 3125 3643.53 4066.34 4309.85 4802.23 5031.57 5145.16 5261.55 

Energias Drone 1: 0 0.06 0.13 0.1 0.19 0.26 0.12 0.17 0.24 
Energias Drone 2: 0 0.05 0.13 0.23 0.26 0.18 0.22 0.26 0.17 0.26 0.14 0.23 0.26 0.07 0.11 0.15 

Pesos Drone 1: 1.5 0 1.5 0.6 0.2 1.5 0.9 0.49 0 
Pesos Drone 2: 1.5 1.2 0.9 0.8 1.5 1.3 0.99 1.5 1.3 1.5 1.4 1.3 1.5 1.3 1.19 0 

------------------------------------------------------------------------------------------------------------

Solución Iterated Local Search:

Función evaluación: 6171.08

Rutas Drone 1: 0 14 0 3 2 7 9 0 15 0 6 4 0 13 12 0 11 16 
Rutas Drone 2: 0 10 8 5 1 16 

Tiempos Drone 1: 0 175 349.61 761.04 1413 1563.23 1905.11 2173.4 2467.43 2761.45 3369 3563.09 3985.9 4348.53 4905 5319.56 5847.08 6374.6 
Tiempos Drone 2: 0 3125 3312 5584 5796.21 5912.6 

Energias Drone 1: 0 0.03 0.13 0.04 0.05 0.12 0.17 0.24 0.01 0.07 0.09 0.17 0.25 0.01 0.08 0.11 0.09 0.1 
Energias Drone 2: 0 0.03 0.07 0.12 0.12 0.18 

Pesos Drone 1: 1.5 1.2 1.5 1.2 0.9 0.7 0.6 1.5 0 1.5 1.3 1.19 1.5 0.6 0 1.5 1.1 0 
Pesos Drone 2: 1.5 1.3 1.19 0.79 0.69 0 

------------------------------------------------------------------------------------------------------------

Estadísticas:

Iteraciones totales: 61253

Apariciones BalanceoCargaA1: 0/14850
Apariciones BalanceoCargaA2: 3/18667
Apariciones BalanceoCargaB: 1/16483
Apariciones Swap: 159/930
Apariciones MoverCliente: 4729/7701
Apariciones MoverCliente2: 12/248
Apariciones CrearRuta: 784/2141
Apariciones CrearRuta2: 4/233

Tiempo de ejecución: 19 segundos

------------------------------------------------------------------------------------------------------------